600 45 107813 59 397 319
96 1
496 1
407 2
228 3
454 2
284 4
217 1
178 3
158 3
115 4
129 4
419 2
56 2
482 2
137 5
3 6
437 3
10 7
146 4
164 4
114 3
581 5
52 6
270 7
409 6
271 4
181 7
227 5
492 2
594 6
30 5
97 6
479 8
25 8
373 7
69 5
110 8
438 9
548 9
324 10
265 11
465 6
111 11
314 1
173 11
76 12
559 13
459 8
456 10
75 4
13 2
153 11
447 7
68 9
450 3
352 12
2 13
122 14
521 7
213 6
381 4
62 10
106 12
473 8
398 7
332 14
590 11
37 10
226 13
511 14
595 8
339 9
108 13
508 10
74 3
43 11
375 12
132 5
78 12
443 13
385 3
202 1
386 15
266 14
512 16
429 13
84 4
545 11
185 15
298 10
167 17
596 16
28 6
469 14
348 1
280 7
416 2
334 8
335 8
481 9
216 15
573 12
61 13
564 17
420 13
297 11
102 16
174 7
478 14
400 14
23 18
568 5
577 17
507 16
544 8
396 10
468 19
378 6
94 10
317 9
70 17
346 15
12 18
390 3
543 20
182 13
32 19
304 12
366 21
45 9
483 10
120 14
589 11
393 19
514 4
551 12
475 16
464 20
130 17
88 10
584 4
357 21
389 19
575 13
558 5
99 12
315 17
161 15
116 22
424 16
364 13
169 11
103 18
349 12
503 14
117 13
448 14
104 17
247 20
477 2
159 19
168 20
498 21
205 6
549 17
518 18
19 19
82 22
370 7
382 16
530 20
343 22
259 11
121 15
72 23
583 10
282 18
188 3
309 19
16 5
399 1
527 21
325 18
46 15
572 22
556 16
11 23
5 24
141 19
133 25
509 17
21 16
372 21
179 20
290 20
248 13
327 12
484 15
488 21
387 13
423 1
565 24
80 18
175 14
515 22
486 26
547 27
570 3
567 21
268 23
279 9
60 17
566 18
196 7
272 27
156 14
53 25
234 11
33 24
244 19
359 20
51 18
591 4
435 15
497 19
350 14
331 6
38 15
541 26
256 22
303 23
15 21
241 25
353 20
47 23
155 24
42 20
338 8
35 6
131 18
295 27
361 16
377 11
126 21
190 25
354 17
529 21
269 21
49 17
404 12
355 22
118 22
281 16
501 7
100 23
71 25
199 17
321 9
444 26
63 18
597 24
222 25
307 10
66 9
467 17
223 23
235 27
505 26
406 24
495 22
145 20
263 25
574 26
337 7
191 21
299 28
177 28
326 19
397 22
1 27
212 7
553 14
449 29
341 11
195 26
474 24
580 13
308 17
215 25
211 8
176 23
380 15
600 24
183 23
170 5
79 27
198 10
91 27
401 13
292 28
237 8
394 24
288 29
194 27
189 26
425 18
50 19
294 29
533 25
415 2
105 12
410 19
532 20
139 28
510 13
552 9
209 20
154 20
291 28
362 29
67 19
493 30
135 31
598 9
318 30
274 15
462 10
422 21
286 26
342 10
561 21
242 31
571 22
440 30
65 29
4 27
522 31
207 27
504 23
431 11
249 31
442 22
260 32
384 33
554 19
374 20
460 34
599 18
550 28
436 18
54 29
258 11
254 8
418 35
412 10
40 25
520 16
311 32
246 21
101 28
506 19
73 13
546 17
439 24
147 22
136 18
255 33
426 34
472 12
123 26
417 29
14 6
55 23
430 23
427 14
461 8
93 22
151 23
236 25
578 30
17 26
563 11
306 13
57 7
347 34
395 25
283 14
218 26
358 33
24 27
157 35
445 35
9 35
83 30
34 12
296 9
540 36
58 28
112 31
405 10
500 24
206 27
487 25
186 29
231 34
576 24
491 4
538 15
466 32
531 12
502 20
428 22
134 16
453 33
90 11
251 13
513 33
160 15
485 35
98 26
119 34
301 17
536 27
588 23
262 16
542 12
458 30
225 31
323 32
252 14
524 21
113 28
593 28
31 33
330 3
232 34
92 30
180 13
328 14
585 13
432 32
166 15
391 22
555 36
41 16
127 16
165 31
587 17
463 37
148 22
302 16
517 32
413 18
273 35
142 24
441 29
569 23
562 28
86 18
85 29
184 33
356 15
87 38
537 34
434 35
44 32
162 30
523 39
494 37
6 31
197 31
313 36
287 38
525 40
414 19
107 25
230 7
320 41
210 32
64 36
592 35
89 30
365 36
586 34
275 15
7 30
224 32
239 23
383 35
250 33
163 37
233 38
171 26
455 27
476 33
150 38
245 31
457 17
329 39
221 14
557 20
203 40
388 19
289 21
360 25
312 18
316 40
519 34
345 40
579 41
125 17
143 22
363 36
20 34
243 9
516 23
480 24
535 35
204 20
452 21
499 31
433 14
77 16
526 25
392 11
344 40
200 32
470 20
421 36
238 33
371 26
489 37
138 38
253 32
293 37
451 25
528 42
322 28
403 36
300 37
219 25
267 25
128 39
261 23
214 29
305 29
29 41
95 30
59 39
285 42
81 38
240 26
367 22
264 28
192 5
140 36
22 23
229 31
201 39
152 27
336 40
208 41
582 17
27 27
36 28
124 35
471 29
48 39
220 39
539 40
411 19
109 43
278 38
402 42
149 26
333 43
319 44
369 45
172 15
18 21
310 20
276 21
340 22
351 44
187 37
257 6
376 34
368 4
408 39
277 12
8 16
490 15
379 16
534 34
193 23
560 19
446 28
39 30
26 42
144 16
