600 89 161726 89 560 512
263 1
282 2
350 1
247 3
584 4
447 2
571 3
294 4
417 5
566 6
334 7
362 8
209 1
179 8
353 7
58 9
502 9
139 7
418 5
51 5
523 10
313 8
477 10
291 11
327 11
188 12
399 13
264 6
176 9
151 14
424 15
280 10
143 16
78 4
221 17
339 14
33 16
319 18
594 5
550 13
212 7
90 12
245 11
538 14
60 12
217 19
273 8
388 3
598 9
134 2
326 15
517 11
236 20
265 21
82 10
441 22
493 11
288 17
165 12
575 13
487 14
600 15
464 13
136 7
135 18
184 8
432 16
113 14
379 15
309 3
62 16
10 23
578 4
342 5
559 7
449 17
321 12
518 18
448 4
99 5
92 18
580 19
84 19
305 6
287 7
281 20
595 21
544 22
590 20
572 8
2 21
553 17
406 23
125 23
526 9
83 10
346 24
482 25
266 22
579 11
170 12
259 26
54 24
500 23
257 27
261 24
208 25
55 12
233 28
148 29
348 30
546 7
271 31
81 24
512 21
443 6
396 32
364 25
591 11
516 26
542 33
226 18
231 12
249 19
495 34
68 7
66 27
171 28
560 35
45 29
15 30
481 20
96 15
556 29
109 30
444 13
509 31
467 28
118 21
307 13
250 32
31 33
413 22
503 14
485 30
543 27
529 34
393 36
577 26
47 23
166 35
333 24
121 33
69 29
400 25
312 15
519 16
22 36
537 8
204 14
140 17
167 18
511 14
256 9
573 19
554 37
227 38
301 16
111 26
86 31
158 38
568 32
173 39
365 17
300 39
564 26
70 30
239 34
279 10
404 40
26 35
29 20
234 27
466 28
220 11
285 36
480 15
412 29
219 33
162 36
545 21
203 39
533 21
274 37
19 30
126 41
222 31
349 38
283 42
360 24
241 42
535 41
470 10
73 43
80 32
439 22
43 44
561 45
115 34
423 33
192 39
138 35
64 36
570 18
401 40
16 12
238 34
569 13
488 35
11 36
515 37
107 11
17 38
142 19
200 44
190 46
175 31
315 39
232 47
376 40
146 23
421 28
382 41
9 38
492 20
144 21
286 47
270 37
484 48
422 12
269 13
276 42
429 32
246 14
202 43
416 24
329 35
50 45
410 25
56 42
224 11
525 8
356 44
197 13
375 29
18 49
297 22
293 16
163 50
88 26
435 2
155 30
460 45
558 24
465 17
32 45
254 46
335 43
433 51
6 52
104 30
351 53
520 15
133 46
98 32
255 47
117 48
290 53
262 51
547 23
196 44
358 24
539 54
310 49
53 49
41 31
552 25
48 50
430 9
420 16
295 10
325 51
12 27
214 33
593 18
409 52
137 19
320 28
243 51
103 53
508 52
408 39
501 32
172 1
442 38
38 23
314 24
381 29
127 39
267 53
395 17
486 53
181 30
120 54
67 20
93 41
110 15
205 45
336 29
72 16
34 46
308 55
122 50
507 36
414 34
194 18
187 21
403 31
411 5
387 42
49 26
153 43
57 17
471 56
74 57
258 35
13 50
216 44
345 22
207 36
496 47
177 55
498 19
372 28
585 32
317 48
191 4
534 58
131 22
223 40
298 59
27 20
101 21
599 30
102 22
357 60
5 41
474 25
363 47
211 33
306 27
183 49
490 11
311 56
583 42
130 61
275 43
434 62
397 26
35 37
157 31
296 23
37 45
8 32
169 50
361 37
398 40
152 51
374 41
240 61
119 42
174 26
129 58
341 38
150 44
332 54
277 24
586 34
42 63
597 2
386 52
164 52
328 57
344 35
75 64
228 27
23 28
440 58
377 53
337 59
44 33
528 36
248 59
510 18
527 36
504 25
453 39
359 37
225 19
251 25
499 62
21 65
97 60
596 45
76 26
302 66
195 29
215 67
548 35
437 54
252 68
284 30
532 61
463 64
159 31
452 65
206 46
370 40
562 62
338 54
149 43
156 38
201 67
123 19
588 41
65 69
77 63
354 47
380 14
128 49
180 48
557 49
491 55
7 50
445 56
132 64
522 51
475 32
402 36
323 65
178 57
116 44
193 34
210 66
63 35
521 58
147 33
322 27
244 48
384 34
373 28
378 35
530 35
461 67
229 24
428 59
89 52
268 68
14 29
289 36
330 60
383 39
473 69
85 70
540 45
567 61
389 70
450 53
369 25
419 40
95 71
454 22
431 72
40 41
415 62
304 71
366 73
59 74
468 33
237 75
576 54
100 37
106 64
260 65
458 30
25 29
407 76
30 77
185 38
316 55
4 72
352 73
405 74
426 31
513 78
154 41
145 56
1 79
457 46
549 37
235 63
385 64
186 67
392 16
318 57
469 63
331 20
483 32
582 55
514 58
46 28
436 39
24 59
479 47
340 79
589 80
587 48
565 65
367 40
478 60
472 25
371 41
79 66
476 42
71 43
355 75
189 58
20 61
3 81
87 67
213 41
198 44
451 82
253 45
574 67
61 64
91 83
182 68
108 65
394 50
494 45
114 46
343 73
459 77
438 47
28 44
105 54
218 62
462 71
555 47
168 70
278 33
112 21
427 69
347 70
524 63
272 83
489 71
39 45
391 84
94 84
563 72
161 69
199 23
292 73
368 51
536 73
506 81
52 82
541 34
36 85
592 86
505 78
581 87
446 64
324 38
390 35
160 3
141 81
551 83
425 76
455 48
299 49
242 88
456 50
303 57
230 89
497 30
124 77
531 74
