600 3371877 39 278 206
1 1
2 1
3 2
4 3
5 1
6 2
7 2
8 2
9 3
10 4
11 4
12 3
13 5
14 4
15 3
16 3
17 5
18 4
19 1
20 4
21 4
22 2
23 6
24 3
25 4
26 2
27 5
28 3
29 6
30 6
31 7
32 5
33 6
34 1
35 7
36 7
37 3
38 6
39 4
40 8
41 5
42 8
43 5
44 8
45 4
46 6
47 7
48 2
49 2
50 4
51 5
52 8
53 6
54 3
55 7
56 3
57 8
58 8
59 9
60 7
61 2
62 8
63 9
64 2
65 9
66 8
67 10
68 3
69 4
70 5
71 6
72 4
73 10
74 6
75 2
76 7
77 11
78 6
79 9
80 10
81 7
82 11
83 7
84 11
85 11
86 12
87 8
88 8
89 10
90 1
91 3
92 4
93 1
94 1
95 7
96 5
97 8
98 12
99 11
100 12
101 2
102 10
103 6
104 8
105 13
106 12
107 9
108 9
109 8
110 5
111 10
112 11
113 2
114 8
115 13
116 12
117 3
118 13
119 7
120 12
121 10
122 6
123 14
124 14
125 4
126 5
127 5
128 7
129 9
130 11
131 13
132 10
133 9
134 10
135 12
136 10
137 7
138 11
139 5
140 14
141 7
142 15
143 2
144 14
145 11
146 8
147 9
148 16
149 15
150 9
151 10
152 6
153 8
154 6
155 4
156 7
157 15
158 13
159 17
160 4
161 1
162 12
163 9
164 13
165 14
166 16
167 15
168 11
169 8
170 14
171 15
172 11
173 13
174 14
175 9
176 10
177 16
178 6
179 11
180 12
181 13
182 5
183 12
184 7
185 15
186 3
187 16
188 15
189 13
190 16
191 8
192 6
193 18
194 12
195 13
196 9
197 17
198 14
199 17
200 6
201 12
202 10
203 14
204 18
205 18
206 16
207 3
208 17
209 14
210 5
211 4
212 5
213 15
214 16
215 17
216 14
217 9
218 11
219 4
220 16
221 9
222 15
223 6
224 16
225 18
226 14
227 16
228 7
229 15
230 15
231 19
232 17
233 15
234 19
235 17
236 3
237 11
238 5
239 1
240 16
241 8
242 13
243 6
244 19
245 13
246 14
247 15
248 16
249 19
250 18
251 8
252 17
253 13
254 12
255 20
256 8
257 19
258 16
259 20
260 18
261 21
262 22
263 20
264 6
265 19
266 17
267 21
268 18
269 5
270 18
271 7
272 6
273 16
274 10
275 17
276 4
277 9
278 8
279 5
280 16
281 17
282 19
283 7
284 10
285 20
286 7
287 22
288 14
289 18
290 9
291 10
292 21
293 11
294 19
295 21
296 10
297 18
298 22
299 17
300 6
301 23
302 18
303 22
304 10
305 5
306 11
307 12
308 19
309 15
310 6
311 20
312 13
313 23
314 15
315 21
316 21
317 4
318 23
319 24
320 22
321 21
322 12
323 20
324 12
325 22
326 9
327 8
328 4
329 18
330 14
331 24
332 19
333 25
334 23
335 12
336 10
337 11
338 25
339 21
340 11
341 7
342 22
343 23
344 7
345 24
346 12
347 23
348 20
349 13
350 9
351 2
352 19
353 13
354 10
355 19
356 20
357 15
358 14
359 14
360 15
361 13
362 23
363 16
364 14
365 16
366 24
367 25
368 23
369 21
370 20
371 12
372 14
373 16
374 22
375 24
376 15
377 24
378 21
379 26
380 17
381 9
382 20
383 5
384 15
385 21
386 21
387 16
388 15
389 13
390 10
391 22
392 23
393 14
394 18
395 16
396 3
397 22
398 23
399 16
400 24
401 11
402 8
403 9
404 3
405 14
406 27
407 17
408 24
409 19
410 17
411 25
412 26
413 8
414 4
415 1
416 7
417 22
418 10
419 26
420 23
421 25
422 26
423 25
424 27
425 12
426 17
427 21
428 16
429 14
430 14
431 17
432 19
433 27
434 28
435 26
436 18
437 17
438 24
439 23
440 5
441 20
442 18
443 11
444 24
445 18
446 23
447 28
448 25
449 13
450 27
451 14
452 19
453 20
454 21
455 28
456 21
457 26
458 28
459 9
460 27
461 9
462 18
463 28
464 19
465 22
466 20
467 10
468 15
469 20
470 6
471 17
472 14
473 28
474 16
475 13
476 29
477 22
478 18
479 12
480 21
481 9
482 25
483 26
484 26
485 19
486 29
487 8
488 11
489 30
490 29
491 14
492 24
493 14
494 24
495 27
496 10
497 8
498 4
499 15
500 13
501 21
502 28
503 17
504 30
505 31
506 24
507 23
508 11
509 25
510 10
511 21
512 14
513 11
514 17
515 16
516 17
517 2
518 25
519 22
520 4
521 26
522 24
523 18
524 23
525 18
526 21
527 12
528 9
529 10
530 32
531 6
532 20
533 3
534 24
535 29
536 5
537 10
538 27
539 30
540 25
541 13
542 22
543 25
544 22
545 19
546 26
547 8
548 21
549 27
550 24
551 24
552 9
553 30
554 23
555 22
556 2
557 29
558 20
559 28
560 18
561 27
562 21
563 30
564 29
565 30
566 7
567 19
568 2
569 22
570 31
571 26
572 21
573 20
574 25
575 27
576 12
577 31
578 16
579 12
580 23
581 32
582 15
583 31
584 14
585 5
586 7
587 6
588 32
589 22
590 26
591 27
592 33
593 27
594 33
595 28
596 28
597 6
598 32
599 29
600 23
