600 28 71877 39 278 206
55 1
209 2
281 1
572 1
525 2
200 3
503 4
314 3
450 4
246 2
432 2
474 4
320 3
65 5
397 4
308 5
71 1
137 3
341 1
32 6
120 5
585 7
495 4
87 2
418 1
497 3
579 7
551 4
352 6
112 7
237 3
294 8
516 5
589 5
380 4
248 6
466 4
213 7
446 5
553 6
28 7
150 5
254 8
547 6
457 8
420 6
197 9
14 8
389 7
228 10
481 7
509 10
493 8
173 9
531 8
499 7
569 2
372 10
469 4
396 11
539 5
590 10
584 11
126 9
30 12
116 8
100 3
465 5
95 3
435 4
123 12
88 9
53 2
188 9
106 10
421 11
160 6
144 5
15 13
74 12
154 3
268 1
46 7
381 8
387 10
434 6
501 4
413 11
415 12
107 11
10 7
192 7
556 2
226 13
267 9
201 9
234 12
429 13
187 14
463 7
189 3
141 7
117 5
598 10
319 10
176 14
16 14
404 15
149 8
62 8
573 11
565 15
511 9
546 12
162 5
98 16
235 14
521 9
382 10
447 15
378 11
595 9
452 11
476 12
340 2
224 11
218 13
143 4
456 16
458 12
422 13
526 11
207 6
414 10
76 7
179 3
266 12
258 6
202 14
412 15
81 5
433 8
79 8
131 14
542 13
140 4
305 14
264 9
448 7
40 15
407 13
51 16
555 16
48 16
285 15
221 5
35 17
241 8
532 13
219 17
593 11
115 18
549 15
491 14
270 18
190 9
360 10
124 19
580 2
256 19
358 6
257 7
417 16
26 14
322 14
27 16
312 16
359 12
265 15
286 11
182 6
591 17
356 12
554 17
498 18
227 13
583 19
231 11
166 9
255 16
582 20
177 12
97 10
191 7
92 3
371 8
278 2
464 11
104 21
139 10
515 16
33 17
459 18
44 13
263 11
19 10
89 11
156 18
510 17
21 4
527 4
409 15
110 12
362 5
505 14
58 20
211 19
83 3
301 20
152 13
533 18
5 9
34 14
61 15
570 16
3 17
134 18
217 9
410 19
306 15
249 18
328 10
524 4
155 16
64 14
461 18
538 19
242 12
29 17
500 8
90 2
212 20
522 11
167 14
471 20
41 9
293 6
240 6
262 19
275 10
523 20
518 18
507 5
203 8
94 21
475 13
536 11
310 4
467 7
168 21
181 17
327 21
545 14
121 22
534 22
136 12
299 21
571 13
238 15
36 15
490 18
99 11
193 14
321 16
125 22
23 6
185 21
85 16
1 12
365 15
145 20
558 14
118 8
164 17
292 9
111 21
180 17
70 14
122 22
485 18
169 23
302 16
161 19
473 15
158 16
170 17
363 18
520 19
91 12
135 19
425 6
47 9
368 9
502 3
391 13
280 6
344 23
519 22
114 24
236 7
423 13
597 19
419 7
357 25
49 20
259 16
230 21
108 8
153 15
487 14
377 10
252 20
222 21
165 16
346 24
78 21
196 20
253 5
178 15
57 21
472 16
296 4
66 15
250 25
437 17
50 9
355 4
402 5
75 6
576 12
4 17
11 18
295 23
540 11
195 7
260 17
489 8
398 17
298 2
101 18
22 7
127 10
67 4
388 12
496 20
274 26
276 22
568 14
428 8
289 18
37 16
68 24
424 23
460 22
383 8
354 17
599 18
405 17
129 3
56 15
563 13
552 25
333 12
577 18
395 19
208 19
317 19
559 26
324 9
25 23
59 19
393 1
376 13
364 25
336 11
543 9
151 13
337 11
394 19
326 26
351 10
42 20
462 14
284 12
223 16
430 15
431 26
581 20
72 23
440 13
105 22
186 24
557 25
506 11
343 21
20 16
93 19
147 17
451 27
408 11
316 24
483 23
535 21
426 8
335 23
54 27
163 22
109 21
587 9
403 6
86 12
113 24
52 18
575 22
39 22
331 23
45 9
348 26
303 24
445 25
245 10
374 28
172 20
128 11
390 10
24 20
347 26
562 7
215 16
486 20
373 9
477 21
566 2
7 19
350 22
592 12
159 12
492 13
488 22
146 12
494 3
537 14
514 8
330 18
204 25
329 15
574 5
279 14
157 5
8 23
12 20
512 17
269 24
480 7
304 1
210 16
544 21
183 17
367 20
588 2
470 14
271 10
334 24
80 10
386 13
199 14
385 24
283 26
9 13
291 16
384 15
353 13
323 17
287 11
578 12
43 13
441 9
508 22
13 23
392 13
232 9
600 23
370 11
96 13
401 27
342 10
345 21
84 3
132 19
442 18
261 4
468 12
482 24
400 15
315 1
318 8
216 27
528 19
560 16
478 9
243 15
103 14
311 12
77 4
375 4
60 9
361 22
63 13
513 21
444 16
38 3
194 22
439 25
369 25
251 23
225 19
17 23
69 12
272 6
453 17
2 23
504 10
594 18
332 25
198 15
138 26
174 27
455 17
244 24
206 24
214 13
277 16
406 23
479 25
530 8
184 7
171 28
297 26
349 11
399 4
130 27
325 8
561 14
564 3
205 14
82 18
142 14
484 25
300 6
233 19
366 12
541 16
313 5
133 1
290 11
339 24
550 22
529 18
548 19
454 14
379 10
288 17
175 26
416 20
411 20
443 3
73 27
119 15
307 4
229 26
6 16
338 19
273 26
247 17
18 6
436 12
567 6
427 18
586 9
309 11
148 28
449 7
438 26
282 23
239 8
102 23
31 17
220 19
517 16
596 13
