600 76 161726 89 560 512
556 1
263 2
513 1
440 3
563 4
194 5
338 6
587 7
219 2
127 3
232 8
495 4
325 5
548 9
282 10
471 6
63 7
478 11
387 10
50 11
386 12
71 4
28 13
409 8
4 14
145 8
262 2
428 9
288 14
567 10
224 15
184 11
143 16
484 17
146 5
253 12
368 13
8 14
40 9
274 14
99 16
204 15
348 6
92 3
506 11
133 18
402 16
476 17
23 16
268 10
383 18
35 19
250 4
158 18
326 5
455 10
39 20
458 1
464 11
367 2
187 21
115 22
67 19
95 7
89 23
52 24
581 25
10 18
371 22
297 25
524 12
541 26
91 27
164 6
489 13
415 28
346 28
26 14
230 29
61 30
1 15
439 31
220 15
22 24
212 30
559 8
200 21
474 9
177 22
535 23
77 32
261 33
111 34
148 35
113 10
526 7
527 36
41 13
31 24
301 27
511 16
317 10
372 17
271 25
255 26
30 18
528 27
457 19
235 32
449 8
46 20
327 9
597 17
444 21
566 26
377 20
203 21
483 28
73 22
342 11
198 23
269 8
362 12
470 24
310 29
547 10
349 25
461 31
438 33
537 34
453 27
208 13
96 30
339 4
538 32
544 26
355 31
209 14
519 11
197 13
242 37
365 35
168 32
256 20
238 27
311 5
332 22
101 28
181 35
299 10
334 29
121 16
452 17
141 33
583 30
236 15
366 31
314 29
447 34
252 26
12 36
491 33
577 21
503 18
79 35
6 24
591 32
392 38
529 6
426 14
446 39
170 7
552 36
515 37
406 40
459 34
498 38
223 30
504 27
534 39
359 28
434 27
375 33
315 30
287 40
350 12
518 16
462 23
533 24
354 34
38 41
162 42
180 35
454 43
75 41
213 29
531 3
565 30
507 25
214 35
320 18
408 44
83 31
543 32
384 33
72 4
122 36
234 44
278 37
302 19
55 34
161 20
156 15
304 21
328 38
85 39
105 17
160 9
217 25
441 38
167 40
157 41
557 45
254 46
376 42
285 36
16 18
487 43
575 47
381 48
536 44
25 39
178 35
286 26
380 22
336 19
130 32
532 45
24 45
430 40
393 48
93 15
259 46
139 27
128 28
370 29
404 19
553 41
152 47
154 30
335 42
245 23
493 16
3 13
233 36
390 48
112 20
76 31
20 43
43 21
590 37
218 49
222 23
293 50
594 51
106 12
425 24
138 52
109 44
290 37
316 14
411 38
499 8
281 32
192 33
82 39
100 29
509 21
298 41
379 53
341 22
497 10
172 17
284 48
340 18
163 31
275 19
576 34
226 20
69 50
125 45
324 54
422 35
248 52
351 36
134 46
80 40
427 28
330 55
196 25
124 41
123 53
442 47
78 26
486 26
237 56
229 57
570 54
410 39
59 37
389 42
510 9
215 32
267 13
322 51
88 58
98 48
266 27
260 52
333 21
231 23
445 49
289 43
104 44
551 59
68 40
239 54
57 58
586 50
5 51
64 45
571 35
482 11
432 14
414 41
97 60
65 46
189 55
295 53
191 47
49 25
358 48
481 59
598 43
15 38
436 47
429 24
569 49
540 55
151 8
363 52
435 27
176 33
514 54
573 15
86 39
423 10
7 56
171 16
545 53
465 54
179 50
48 51
373 55
460 3
501 56
416 28
580 25
174 26
492 23
34 28
251 17
585 30
595 27
201 29
385 57
337 58
561 56
378 54
273 48
329 42
596 43
193 52
496 59
32 27
521 30
466 60
280 18
277 55
182 51
270 36
542 38
190 59
313 57
512 31
110 61
331 62
568 19
360 61
47 22
183 63
249 11
592 64
150 62
244 65
202 63
520 20
116 44
488 42
118 28
303 53
318 36
494 23
186 12
417 29
216 64
117 18
14 65
294 24
382 34
508 25
9 40
424 21
149 54
468 26
126 58
166 66
572 60
137 30
469 67
87 59
396 53
279 41
323 55
477 54
58 39
188 62
142 55
2 35
169 37
433 52
448 31
51 56
21 68
33 25
582 38
397 42
546 42
554 43
144 36
108 37
403 45
555 13
135 69
352 60
54 32
131 33
132 31
153 33
398 27
120 49
258 46
296 57
412 28
347 34
539 47
70 44
206 48
246 24
374 50
463 70
136 35
530 45
53 51
205 70
90 49
480 58
225 36
578 37
319 32
593 56
490 38
405 71
523 21
516 17
13 22
588 46
257 38
369 47
210 39
472 61
291 58
564 59
391 66
399 5
479 52
221 35
66 40
312 47
42 63
305 23
418 41
589 72
558 50
27 28
60 60
292 42
56 73
159 41
562 67
81 39
401 57
247 38
147 48
517 24
525 1
467 43
420 44
264 16
211 30
308 40
584 49
19 48
451 61
300 37
103 6
388 69
94 66
443 29
195 30
29 59
207 41
36 42
407 70
265 12
114 50
500 43
431 62
84 31
175 53
243 32
395 54
129 51
574 58
419 63
502 44
343 64
18 32
361 50
307 55
473 26
364 74
321 33
450 45
102 25
241 36
549 75
173 14
579 22
74 23
437 46
276 17
306 61
600 29
228 68
344 47
185 6
394 72
413 76
44 46
309 48
107 60
240 59
227 65
17 34
400 66
62 60
345 61
421 54
456 52
353 49
356 26
550 56
272 67
11 27
505 69
45 71
165 24
140 44
560 62
283 66
522 57
599 18
199 68
119 63
37 69
155 35
475 36
485 37
357 19
