600 70 161726 89 560 512
1 1
2 2
3 3
4 4
5 5
6 4
7 6
8 7
9 2
10 5
11 8
12 9
13 10
14 8
15 11
16 12
17 3
18 13
19 6
20 7
21 14
22 15
23 16
24 17
25 17
26 9
27 18
28 14
29 1
30 19
31 4
32 8
33 10
34 20
35 21
36 22
37 9
38 23
39 24
40 2
41 10
42 15
43 5
44 6
45 11
46 20
47 24
48 12
49 3
50 16
51 11
52 18
53 21
54 7
55 22
56 13
57 14
58 8
59 15
60 9
61 10
62 19
63 16
64 15
65 17
66 18
67 19
68 20
69 21
70 12
71 16
72 17
73 10
74 23
75 13
76 22
77 13
78 14
79 24
80 11
81 12
82 4
83 25
84 23
85 25
86 13
87 24
88 18
89 14
90 25
91 20
92 5
93 26
94 27
95 15
96 28
97 26
98 27
99 29
100 19
101 6
102 29
103 30
104 31
105 32
106 16
107 32
108 33
109 34
110 25
111 35
112 17
113 7
114 20
115 33
116 24
117 36
118 21
119 34
120 26
121 24
122 25
123 27
124 37
125 38
126 22
127 38
128 23
129 24
130 39
131 30
132 35
133 28
134 28
135 8
136 40
137 9
138 41
139 18
140 31
141 18
142 10
143 42
144 29
145 11
146 43
147 10
148 20
149 14
150 17
151 19
152 42
153 8
154 9
155 20
156 25
157 5
158 18
159 21
160 12
161 30
162 44
163 22
164 36
165 13
166 16
167 14
168 32
169 31
170 26
171 41
172 22
173 39
174 19
175 23
176 2
177 27
178 24
179 43
180 37
181 38
182 28
183 32
184 25
185 44
186 29
187 20
188 33
189 15
190 40
191 39
192 16
193 40
194 31
195 34
196 17
197 36
198 45
199 35
200 36
201 18
202 16
203 19
204 30
205 34
206 26
207 20
208 18
209 27
210 21
211 41
212 22
213 37
214 28
215 46
216 42
217 31
218 12
219 38
220 32
221 23
222 29
223 24
224 39
225 38
226 13
227 30
228 45
229 10
230 4
231 36
232 40
233 47
234 17
235 35
236 20
237 11
238 31
239 33
240 41
241 28
242 29
243 39
244 15
245 14
246 25
247 32
248 42
249 38
250 48
251 27
252 43
253 26
254 41
255 33
256 34
257 34
258 27
259 26
260 35
261 42
262 36
263 43
264 37
265 44
266 38
267 46
268 19
269 12
270 28
271 49
272 39
273 45
274 50
275 46
276 40
277 51
278 33
279 29
280 40
281 38
282 5
283 46
284 30
285 42
286 30
287 6
288 41
289 31
290 15
291 32
292 48
293 42
294 7
295 16
296 47
297 48
298 21
299 33
300 48
301 34
302 43
303 45
304 44
305 34
306 49
307 35
308 33
309 17
310 45
311 36
312 11
313 34
314 7
315 37
316 46
317 45
318 29
319 18
320 38
321 8
322 38
323 9
324 3
325 50
326 39
327 40
328 19
329 42
330 51
331 35
332 43
333 49
334 4
335 39
336 50
337 41
338 5
339 32
340 47
341 27
342 52
343 25
344 48
345 42
346 53
347 49
348 36
349 54
350 52
351 10
352 44
353 23
354 55
355 30
356 46
357 22
358 45
359 53
360 26
361 54
362 40
363 56
364 47
365 41
366 9
367 13
368 50
369 43
370 27
371 55
372 37
373 33
374 51
375 52
376 54
377 49
378 34
379 46
380 28
381 57
382 44
383 14
384 47
385 29
386 56
387 45
388 24
389 53
390 46
391 43
392 33
393 50
394 11
395 42
396 20
397 4
398 35
399 23
400 38
401 47
402 27
403 43
404 58
405 44
406 54
407 59
408 60
409 42
410 21
411 54
412 48
413 49
414 25
415 22
416 50
417 31
418 41
419 55
420 56
421 61
422 30
423 39
424 23
425 10
426 46
427 40
428 45
429 51
430 52
431 39
432 56
433 57
434 58
435 41
436 36
437 31
438 53
439 62
440 54
441 55
442 42
443 48
444 22
445 59
446 51
447 31
448 42
449 59
450 58
451 60
452 56
453 52
454 63
455 32
456 24
457 37
458 47
459 12
460 64
461 61
462 13
463 44
464 40
465 62
466 53
467 48
468 57
469 54
470 20
471 46
472 55
473 33
474 47
475 14
476 63
477 58
478 49
479 53
480 59
481 21
482 23
483 43
484 15
485 48
486 34
487 44
488 38
489 49
490 25
491 16
492 63
493 55
494 17
495 56
496 50
497 59
498 65
499 25
500 50
501 57
502 35
503 26
504 36
505 62
506 27
507 18
508 58
509 60
510 59
511 45
512 51
513 57
514 46
515 26
516 19
517 52
518 60
519 37
520 53
521 20
522 47
523 61
524 28
525 60
526 48
527 13
528 62
529 38
530 17
531 21
532 54
533 64
534 39
535 48
536 22
537 61
538 53
539 47
540 29
541 62
542 27
543 38
544 8
545 63
546 66
547 49
548 40
549 23
550 64
551 41
552 65
553 66
554 67
555 44
556 51
557 52
558 68
559 69
560 63
561 58
562 66
563 67
564 42
565 53
566 55
567 65
568 59
569 69
570 43
571 66
572 30
573 56
574 70
575 1
576 54
577 67
578 31
579 50
580 33
581 44
582 32
583 34
584 68
585 29
586 50
587 4
588 64
589 36
590 31
591 20
592 32
593 11
594 28
595 46
596 35
597 33
598 39
599 60
600 34
