600 38 107813 59 397 319
1 1
2 2
3 3
4 4
5 3
6 1
7 3
8 5
9 6
10 2
11 4
12 3
13 7
14 3
15 8
16 2
17 9
18 1
19 4
20 1
21 5
22 6
23 6
24 4
25 3
26 10
27 7
28 7
29 5
30 8
31 8
32 4
33 9
34 9
35 7
36 8
37 11
38 4
39 7
40 10
41 6
42 11
43 7
44 9
45 5
46 6
47 9
48 12
49 6
50 8
51 10
52 5
53 7
54 13
55 14
56 9
57 11
58 8
59 13
60 12
61 13
62 10
63 2
64 9
65 10
66 7
67 3
68 11
69 6
70 4
71 11
72 13
73 12
74 8
75 13
76 7
77 8
78 12
79 14
80 10
81 15
82 2
83 14
84 12
85 5
86 3
87 11
88 13
89 14
90 12
91 14
92 15
93 6
94 16
95 16
96 17
97 5
98 3
99 11
100 3
101 6
102 6
103 9
104 18
105 10
106 11
107 12
108 7
109 4
110 8
111 16
112 5
113 14
114 9
115 15
116 7
117 1
118 17
119 10
120 9
121 16
122 8
123 9
124 17
125 19
126 7
127 13
128 9
129 18
130 13
131 11
132 10
133 5
134 12
135 4
136 8
137 10
138 18
139 11
140 16
141 6
142 19
143 2
144 20
145 14
146 9
147 17
148 20
149 12
150 11
151 13
152 3
153 18
154 21
155 18
156 22
157 15
158 12
159 14
160 12
161 16
162 21
163 15
164 19
165 21
166 8
167 22
168 13
169 13
170 19
171 5
172 14
173 23
174 7
175 14
176 24
177 6
178 9
179 4
180 4
181 20
182 7
183 15
184 12
185 20
186 8
187 16
188 11
189 17
190 10
191 9
192 18
193 17
194 6
195 11
196 22
197 14
198 16
199 21
200 3
201 10
202 19
203 20
204 18
205 7
206 22
207 6
208 19
209 10
210 20
211 24
212 19
213 12
214 8
215 17
216 8
217 25
218 18
219 21
220 15
221 14
222 16
223 17
224 23
225 16
226 24
227 5
228 18
229 1
230 6
231 19
232 26
233 15
234 7
235 2
236 23
237 20
238 22
239 20
240 23
241 25
242 24
243 22
244 8
245 23
246 21
247 10
248 9
249 25
250 26
251 8
252 25
253 16
254 25
255 22
256 21
257 10
258 10
259 24
260 10
261 11
262 12
263 13
264 9
265 26
266 19
267 23
268 13
269 11
270 27
271 24
272 20
273 10
274 22
275 15
276 9
277 21
278 14
279 18
280 14
281 9
282 11
283 23
284 24
285 25
286 10
287 25
288 17
289 27
290 12
291 15
292 22
293 19
294 23
295 26
296 27
297 26
298 24
299 13
300 16
301 25
302 25
303 28
304 11
305 12
306 13
307 18
308 26
309 26
310 14
311 28
312 19
313 20
314 15
315 21
316 20
317 29
318 24
319 13
320 27
321 17
322 30
323 3
324 29
325 27
326 29
327 30
328 14
329 4
330 16
331 17
332 28
333 29
334 21
335 15
336 12
337 22
338 7
339 30
340 31
341 14
342 24
343 30
344 28
345 18
346 11
347 16
348 29
349 22
350 18
351 32
352 24
353 31
354 17
355 25
356 32
357 18
358 17
359 23
360 30
361 33
362 24
363 26
364 17
365 21
366 15
367 21
368 29
369 23
370 24
371 34
372 16
373 31
374 6
375 19
376 19
377 20
378 27
379 33
380 32
381 25
382 27
383 3
384 21
385 12
386 25
387 32
388 5
389 26
390 32
391 6
392 30
393 17
394 34
395 28
396 27
397 31
398 14
399 7
400 33
401 18
402 4
403 19
404 20
405 17
406 31
407 18
408 21
409 35
410 22
411 16
412 2
413 19
414 6
415 35
416 20
417 23
418 34
419 29
420 23
421 20
422 10
423 20
424 24
425 28
426 25
427 33
428 21
429 30
430 24
431 29
432 25
433 8
434 30
435 22
436 35
437 12
438 19
439 23
440 14
441 24
442 26
443 27
444 31
445 21
446 28
447 30
448 11
449 34
450 25
451 23
452 22
453 24
454 23
455 28
456 22
457 30
458 32
459 3
460 24
461 7
462 5
463 35
464 13
465 6
466 26
467 25
468 29
469 25
470 8
471 15
472 27
473 28
474 30
475 9
476 26
477 20
478 13
479 33
480 29
481 29
482 31
483 19
484 14
485 21
486 31
487 25
488 33
489 10
490 32
491 27
492 32
493 28
494 17
495 10
496 13
497 28
498 36
499 18
500 11
501 33
502 7
503 26
504 27
505 12
506 28
507 26
508 24
509 8
510 31
511 36
512 37
513 18
514 29
515 30
516 34
517 29
518 33
519 19
520 25
521 38
522 28
523 30
524 32
525 16
526 9
527 5
528 18
529 20
530 31
531 32
532 35
533 22
534 13
535 33
536 15
537 7
538 22
539 32
540 19
541 18
542 14
543 10
544 21
545 8
546 37
547 15
548 22
549 23
550 24
551 24
552 16
553 9
554 25
555 31
556 16
557 33
558 24
559 29
560 37
561 30
562 27
563 14
564 34
565 35
566 31
567 35
568 36
569 29
570 32
571 21
572 2
573 25
574 37
575 21
576 17
577 30
578 33
579 15
580 26
581 6
582 27
583 11
584 28
585 19
586 23
587 34
588 36
589 35
590 37
591 7
592 31
593 27
594 23
595 17
596 17
597 36
598 28
599 1
600 34
