600 3671877 39 278 206
1 1
2 1
3 1
4 2
5 2
6 3
7 2
8 3
9 1
10 2
11 2
12 3
13 4
14 3
15 4
16 5
17 2
18 3
19 4
20 4
21 2
22 2
23 1
24 5
25 5
26 6
27 6
28 1
29 3
30 3
31 1
32 7
33 5
34 4
35 1
36 2
37 6
38 6
39 2
40 3
41 3
42 7
43 4
44 3
45 6
46 7
47 5
48 3
49 5
50 1
51 4
52 6
53 4
54 5
55 2
56 8
57 9
58 8
59 2
60 9
61 6
62 2
63 5
64 6
65 4
66 3
67 7
68 8
69 7
70 8
71 8
72 9
73 7
74 4
75 2
76 5
77 9
78 5
79 8
80 9
81 6
82 6
83 10
84 7
85 7
86 8
87 7
88 7
89 10
90 6
91 10
92 6
93 11
94 10
95 8
96 9
97 10
98 8
99 9
100 8
101 3
102 9
103 1
104 10
105 10
106 11
107 11
108 10
109 4
110 8
111 11
112 4
113 7
114 12
115 5
116 3
117 9
118 7
119 6
120 8
121 13
122 11
123 6
124 8
125 9
126 3
127 12
128 7
129 10
130 13
131 12
132 13
133 11
134 14
135 13
136 5
137 5
138 6
139 12
140 14
141 14
142 7
143 15
144 15
145 16
146 6
147 13
148 13
149 9
150 12
151 15
152 9
153 7
154 10
155 15
156 13
157 16
158 16
159 6
160 13
161 14
162 15
163 10
164 6
165 11
166 14
167 12
168 12
169 4
170 10
171 16
172 5
173 17
174 11
175 15
176 14
177 5
178 6
179 4
180 8
181 9
182 8
183 15
184 14
185 15
186 9
187 16
188 10
189 17
190 11
191 12
192 16
193 17
194 3
195 16
196 16
197 13
198 13
199 14
200 6
201 7
202 18
203 1
204 12
205 5
206 4
207 13
208 15
209 2
210 17
211 8
212 14
213 13
214 13
215 7
216 8
217 17
218 12
219 11
220 15
221 7
222 13
223 18
224 16
225 10
226 13
227 19
228 12
229 4
230 14
231 2
232 9
233 20
234 14
235 15
236 19
237 9
238 13
239 20
240 11
241 15
242 12
243 15
244 17
245 17
246 16
247 14
248 17
249 4
250 20
251 18
252 21
253 12
254 6
255 18
256 9
257 3
258 17
259 10
260 18
261 8
262 18
263 19
264 5
265 14
266 8
267 19
268 15
269 16
270 20
271 9
272 12
273 21
274 10
275 16
276 19
277 13
278 15
279 16
280 11
281 12
282 20
283 22
284 17
285 20
286 12
287 11
288 13
289 17
290 21
291 17
292 18
293 16
294 19
295 6
296 18
297 21
298 20
299 14
300 17
301 1
302 4
303 22
304 10
305 19
306 16
307 14
308 17
309 22
310 20
311 21
312 13
313 18
314 23
315 22
316 20
317 12
318 24
319 23
320 6
321 15
322 11
323 23
324 19
325 20
326 24
327 18
328 20
329 6
330 21
331 24
332 6
333 19
334 20
335 22
336 21
337 16
338 16
339 21
340 23
341 23
342 17
343 7
344 21
345 25
346 26
347 22
348 22
349 15
350 25
351 19
352 13
353 10
354 10
355 11
356 12
357 24
358 25
359 26
360 20
361 18
362 3
363 21
364 19
365 22
366 9
367 13
368 9
369 27
370 23
371 22
372 10
373 26
374 12
375 21
376 24
377 7
378 14
379 23
380 24
381 25
382 12
383 24
384 26
385 8
386 18
387 8
388 5
389 9
390 27
391 26
392 8
393 2
394 3
395 28
396 17
397 14
398 11
399 23
400 12
401 18
402 23
403 22
404 13
405 21
406 25
407 28
408 15
409 26
410 25
411 13
412 28
413 27
414 19
415 23
416 24
417 16
418 25
419 26
420 14
421 27
422 28
423 24
424 29
425 15
426 26
427 11
428 23
429 24
430 7
431 6
432 9
433 18
434 10
435 26
436 15
437 11
438 26
439 25
440 30
441 15
442 11
443 25
444 16
445 26
446 20
447 12
448 14
449 20
450 19
451 29
452 25
453 17
454 16
455 20
456 26
457 20
458 26
459 30
460 31
461 22
462 21
463 31
464 17
465 30
466 21
467 27
468 28
469 22
470 29
471 27
472 30
473 23
474 22
475 16
476 13
477 21
478 18
479 28
480 29
481 17
482 17
483 29
484 30
485 16
486 27
487 18
488 19
489 28
490 27
491 28
492 19
493 24
494 22
495 15
496 20
497 29
498 29
499 30
500 9
501 18
502 31
503 14
504 19
505 10
506 32
507 1
508 30
509 15
510 13
511 32
512 30
513 28
514 30
515 21
516 23
517 10
518 33
519 6
520 18
521 20
522 29
523 30
524 18
525 4
526 3
527 28
528 21
529 20
530 14
531 24
532 31
533 22
534 21
535 22
536 25
537 21
538 22
539 23
540 23
541 24
542 25
543 27
544 16
545 23
546 32
547 23
548 17
549 13
550 26
551 24
552 33
553 14
554 32
555 29
556 18
557 29
558 11
559 25
560 26
561 33
562 24
563 31
564 33
565 31
566 17
567 24
568 30
569 31
570 32
571 8
572 27
573 30
574 34
575 9
576 25
577 28
578 27
579 6
580 35
581 20
582 34
583 32
584 34
585 5
586 29
587 19
588 30
589 6
590 35
591 6
592 23
593 24
594 36
595 35
596 8
597 15
598 20
599 9
600 27
