600 47 107813 59 397 319
433 1
387 2
461 1
423 1
322 2
267 3
501 2
398 4
569 2
166 5
373 3
5 4
570 6
250 4
491 3
426 5
323 5
67 2
580 4
192 6
95 5
17 5
86 7
88 6
363 4
542 7
327 8
103 6
412 7
92 4
38 8
551 6
43 8
308 9
143 10
307 9
253 10
328 3
520 9
36 10
404 4
271 11
399 10
536 7
480 12
492 1
403 1
200 8
213 8
127 5
379 9
500 8
54 4
488 11
66 5
235 6
9 13
147 4
313 11
361 12
74 2
46 10
472 7
290 6
557 8
571 3
91 13
400 12
550 6
62 8
37 12
234 7
459 4
578 11
274 9
145 9
341 10
172 11
51 10
348 5
243 11
107 13
182 12
262 14
263 9
87 13
495 8
390 15
207 7
318 16
325 14
41 13
365 14
490 11
529 1
482 6
372 14
257 10
549 15
518 16
457 8
3 5
504 9
473 10
25 17
413 16
115 6
311 14
121 10
104 3
546 7
599 16
315 12
111 4
96 11
428 17
73 17
11 6
565 10
114 11
442 12
259 3
436 18
330 7
534 18
597 7
516 8
269 7
14 2
385 11
389 6
222 4
410 13
170 14
24 7
140 15
454 16
131 5
392 12
353 18
422 6
548 9
162 19
407 20
8 17
19 20
552 12
6 17
165 20
52 10
211 10
120 3
49 3
530 15
71 7
35 18
206 8
331 15
510 9
130 13
260 8
458 14
401 10
118 11
470 16
316 6
287 19
321 21
237 17
204 21
99 11
55 8
279 17
97 17
109 20
227 9
438 9
506 6
240 19
586 21
381 10
411 2
4 19
584 22
80 15
76 10
13 19
431 13
64 12
595 16
146 23
241 10
447 18
40 5
298 3
149 11
197 18
338 20
560 12
139 24
173 4
394 11
432 14
558 19
21 13
554 13
371 13
555 14
281 15
456 14
142 17
583 20
375 9
332 23
28 12
505 15
101 12
191 16
521 21
276 23
100 13
288 22
291 4
415 12
12 17
564 18
600 19
527 5
228 22
444 16
110 7
359 23
248 24
176 17
129 10
533 20
23 16
514 18
32 21
425 23
10 21
219 21
535 23
508 3
464 15
132 20
449 6
376 22
84 6
134 19
561 7
455 8
538 9
20 16
39 23
161 9
337 17
229 18
184 19
167 22
475 19
497 22
481 5
175 14
474 20
507 24
476 4
364 21
264 20
136 21
261 1
587 25
594 17
93 7
306 12
368 20
231 14
138 10
378 7
519 24
443 8
154 25
567 11
160 18
484 22
7 23
163 22
221 9
467 12
193 6
198 9
126 10
487 22
128 15
499 24
312 7
317 13
347 24
148 21
445 12
265 19
351 25
460 26
79 25
483 26
420 23
42 24
289 27
18 28
15 20
453 24
286 25
282 27
553 26
83 21
370 6
511 18
226 23
275 18
2 14
305 25
439 28
563 26
256 11
164 17
199 29
137 11
343 29
479 27
33 7
268 16
144 13
90 28
596 30
589 8
424 9
116 19
448 28
427 22
277 13
335 27
545 28
57 30
217 19
293 23
174 29
525 28
362 24
402 29
462 25
430 31
356 30
581 23
47 26
94 30
299 24
85 12
247 29
273 31
342 18
89 16
544 31
72 25
31 17
421 26
334 5
245 32
304 2
526 6
285 21
515 22
397 1
220 32
123 33
272 14
339 13
503 14
466 27
249 34
44 10
590 20
278 21
232 18
469 20
532 35
576 30
360 6
367 32
391 33
77 6
380 28
239 31
417 29
496 25
82 14
452 23
509 30
158 34
531 15
270 26
489 8
151 29
566 35
180 34
593 19
69 17
195 32
1 11
208 15
22 7
485 18
98 9
186 36
326 8
324 16
246 37
598 35
471 35
45 35
224 28
409 33
528 29
572 10
65 11
225 27
383 36
58 38
478 14
119 34
187 28
81 30
113 19
468 37
352 38
168 13
108 31
333 22
280 9
329 33
190 16
309 31
284 27
70 32
524 28
384 32
502 35
188 37
296 7
419 33
374 20
414 17
408 15
215 34
450 8
441 11
125 24
574 12
238 34
34 36
53 26
493 30
465 35
393 16
152 39
303 21
236 18
214 13
346 38
302 23
366 20
354 25
105 21
255 3
540 25
297 35
157 19
539 32
494 27
233 22
429 5
437 14
196 38
50 17
122 19
344 28
340 39
60 16
559 39
440 18
78 24
591 22
541 37
382 29
102 34
556 38
301 35
446 20
345 36
251 7
386 37
585 30
350 40
395 41
579 38
124 26
575 15
512 10
319 30
179 28
292 32
336 37
230 23
169 31
537 26
369 42
202 21
159 19
203 27
396 39
59 11
141 40
434 32
377 41
150 28
56 43
205 35
418 23
252 20
283 39
435 41
63 25
577 13
183 32
547 42
355 21
201 21
48 42
573 43
523 22
26 9
320 24
112 38
209 4
486 40
568 29
592 44
310 39
16 19
513 40
216 25
357 39
517 10
30 44
218 36
405 23
194 45
295 20
75 23
349 33
498 22
406 46
258 45
266 40
314 41
300 34
117 37
562 30
254 30
588 36
388 43
189 37
522 2
156 14
463 43
582 33
135 42
416 3
358 44
451 43
68 42
171 45
477 43
543 31
177 23
212 19
185 44
178 45
133 24
106 47
242 29
294 35
27 24
223 15
29 26
181 27
155 41
61 46
153 25
210 38
244 16
