1000 250 250000 50 500 500
1 1
2 2
3 3
4 1
5 2
6 3
7 2
8 4
9 5
10 6
11 7
12 8
13 9
14 7
15 10
16 8
17 3
18 9
19 4
20 11
21 3
22 1
23 12
24 13
25 14
26 5
27 15
28 10
29 5
30 16
31 6
32 17
33 6
34 7
35 2
36 8
37 18
38 9
39 8
40 17
41 9
42 10
43 11
44 3
45 4
46 12
47 19
48 5
49 7
50 10
51 6
52 20
53 21
54 13
55 22
56 11
57 12
58 13
59 7
60 23
61 11
62 14
63 24
64 15
65 25
66 16
67 17
68 18
69 19
70 12
71 26
72 13
73 8
74 27
75 15
76 8
77 20
78 14
79 15
80 9
81 21
82 22
83 9
84 23
85 28
86 16
87 29
88 24
89 10
90 16
91 25
92 11
93 30
94 26
95 12
96 27
97 28
98 13
99 18
100 31
101 14
102 29
103 17
104 32
105 15
106 19
107 16
108 17
109 18
110 20
111 19
112 30
113 31
114 33
115 34
116 35
117 20
118 21
119 18
120 22
121 32
122 36
123 37
124 23
125 33
126 10
127 38
128 24
129 25
130 21
131 11
132 39
133 26
134 40
135 34
136 27
137 41
138 35
139 22
140 36
141 28
142 42
143 19
144 20
145 43
146 37
147 38
148 39
149 44
150 22
151 45
152 46
153 21
154 12
155 29
156 30
157 23
158 40
159 47
160 48
161 22
162 31
163 32
164 23
165 49
166 13
167 24
168 41
169 33
170 42
171 34
172 43
173 35
174 36
175 37
176 24
177 44
178 18
179 25
180 38
181 50
182 39
183 26
184 51
185 14
186 40
187 15
188 41
189 42
190 25
191 45
192 46
193 52
194 53
195 54
196 43
197 55
198 56
199 47
200 27
201 57
202 44
203 45
204 46
205 28
206 16
207 58
208 26
209 48
210 49
211 50
212 21
213 51
214 17
215 59
216 47
217 60
218 48
219 29
220 61
221 49
222 50
223 27
224 28
225 51
226 62
227 52
228 63
229 53
230 64
231 65
232 66
233 52
234 29
235 30
236 54
237 54
238 67
239 55
240 31
241 56
242 32
243 68
244 33
245 22
246 69
247 56
248 34
249 35
250 55
251 70
252 53
253 54
254 71
255 72
256 57
257 56
258 57
259 73
260 74
261 55
262 58
263 59
264 36
265 18
266 37
267 38
268 60
269 61
270 62
271 59
272 60
273 75
274 63
275 64
276 23
277 24
278 76
279 56
280 65
281 57
282 25
283 66
284 58
285 19
286 67
287 63
288 26
289 77
290 61
291 78
292 20
293 62
294 79
295 59
296 39
297 60
298 58
299 61
300 40
301 64
302 62
303 21
304 68
305 63
306 80
307 41
308 69
309 70
310 71
311 59
312 22
313 27
314 65
315 72
316 64
317 23
318 60
319 73
320 81
321 28
322 82
323 65
324 63
325 74
326 83
327 75
328 76
329 24
330 61
331 84
332 77
333 78
334 85
335 86
336 66
337 87
338 79
339 88
340 64
341 89
342 90
343 30
344 91
345 92
346 93
347 67
348 80
349 94
350 81
351 82
352 65
353 83
354 95
355 42
356 43
357 84
358 68
359 85
360 66
361 67
362 29
363 86
364 30
365 96
366 87
367 31
368 97
369 98
370 69
371 70
372 68
373 88
374 89
375 44
376 99
377 90
378 45
379 46
380 91
381 25
382 26
383 62
384 100
385 47
386 92
387 27
388 101
389 28
390 93
391 94
392 102
393 95
394 69
395 71
396 103
397 70
398 96
399 48
400 104
401 49
402 72
403 97
404 31
405 71
406 73
407 63
408 64
409 72
410 105
411 106
412 107
413 73
414 32
415 33
416 74
417 98
418 99
419 65
420 66
421 29
422 74
423 30
424 100
425 106
426 75
427 75
428 101
429 67
430 76
431 32
432 108
433 68
434 109
435 76
436 102
437 77
438 110
439 111
440 103
441 112
442 31
443 113
444 114
445 19
446 104
447 50
448 115
449 69
450 77
451 105
452 116
453 117
454 78
455 34
456 118
457 79
458 51
459 32
460 78
461 106
462 107
463 79
464 108
465 80
466 33
467 109
468 110
469 81
470 82
471 33
472 111
473 34
474 34
475 83
476 52
477 112
478 35
479 113
480 84
481 53
482 119
483 36
484 114
485 37
486 54
487 85
488 38
489 120
490 39
491 70
492 71
493 115
494 80
495 121
496 35
497 20
498 116
499 40
500 41
501 122
502 123
503 86
504 81
505 117
506 55
507 87
508 56
509 124
510 125
511 126
512 21
513 36
514 42
515 82
516 43
517 44
518 45
519 57
520 127
521 128
522 118
523 46
524 129
525 58
526 130
527 88
528 83
529 131
530 119
531 132
532 133
533 120
534 47
535 84
536 121
537 134
538 135
539 85
540 89
541 90
542 59
543 86
544 91
545 122
546 123
547 72
548 136
549 60
550 137
551 48
552 138
553 87
554 124
555 92
556 49
557 125
558 126
559 127
560 128
561 50
562 35
563 129
564 130
565 131
566 139
567 93
568 140
569 36
570 88
571 141
572 132
573 89
574 51
575 142
576 61
577 94
578 143
579 95
580 96
581 133
582 134
583 135
584 37
585 38
586 97
587 136
588 144
589 62
590 98
591 63
592 137
593 99
594 138
595 52
596 139
597 73
598 145
599 140
600 100
601 101
602 146
603 64
604 65
605 102
606 147
607 148
608 39
609 149
610 66
611 74
612 37
613 40
614 90
615 103
616 150
617 53
618 22
619 54
620 141
621 67
622 68
623 151
624 104
625 75
626 152
627 153
628 142
629 91
630 105
631 143
632 38
633 154
634 41
635 76
636 106
637 144
638 42
639 145
640 39
641 155
642 146
643 69
644 107
645 147
646 108
647 156
648 43
649 109
650 148
651 55
652 157
653 92
654 77
655 56
656 158
657 93
658 159
659 40
660 78
661 160
662 149
663 161
664 162
665 44
666 163
667 110
668 111
669 57
670 94
671 79
672 150
673 164
674 151
675 70
676 165
677 80
678 112
679 113
680 152
681 41
682 166
683 153
684 154
685 167
686 155
687 156
688 168
689 169
690 157
691 170
692 58
693 59
694 158
695 171
696 114
697 159
698 172
699 160
700 95
701 81
702 115
703 71
704 42
705 173
706 60
707 116
708 174
709 161
710 45
711 175
712 162
713 163
714 164
715 176
716 117
717 165
718 177
719 96
720 118
721 166
722 82
723 178
724 179
725 83
726 61
727 97
728 62
729 180
730 167
731 181
732 72
733 182
734 183
735 168
736 169
737 73
738 98
739 170
740 171
741 99
742 84
743 46
744 184
745 119
746 74
747 185
748 43
749 186
750 63
751 187
752 188
753 172
754 173
755 189
756 85
757 190
758 47
759 191
760 120
761 174
762 175
763 64
764 121
765 192
766 176
767 177
768 100
769 65
770 178
771 122
772 48
773 179
774 180
775 66
776 67
777 181
778 193
779 182
780 75
781 123
782 194
783 68
784 183
785 184
786 195
787 185
788 196
789 186
790 187
791 86
792 197
793 124
794 198
795 44
796 199
797 200
798 125
799 69
800 101
801 76
802 188
803 201
804 202
805 126
806 70
807 127
808 203
809 71
810 189
811 102
812 87
813 204
814 72
815 73
816 88
817 49
818 190
819 50
820 205
821 191
822 192
823 128
824 193
825 103
826 129
827 89
828 206
829 23
830 74
831 130
832 207
833 104
834 131
835 77
836 132
837 75
838 133
839 194
840 105
841 76
842 78
843 90
844 77
845 45
846 91
847 208
848 195
849 92
850 209
851 210
852 211
853 106
854 107
855 108
856 212
857 79
858 78
859 109
860 196
861 213
862 79
863 51
864 134
865 80
866 93
867 135
868 214
869 215
870 197
871 81
872 110
873 198
874 216
875 217
876 94
877 218
878 136
879 199
880 200
881 219
882 201
883 220
884 221
885 137
886 82
887 222
888 138
889 202
890 95
891 111
892 139
893 46
894 203
895 83
896 112
897 223
898 224
899 113
900 225
901 96
902 84
903 204
904 226
905 114
906 140
907 47
908 141
909 142
910 48
911 97
912 205
913 143
914 98
915 99
916 100
917 52
918 85
919 144
920 206
921 227
922 86
923 87
924 115
925 116
926 207
927 88
928 228
929 89
930 145
931 208
932 229
933 146
934 230
935 209
936 90
937 231
938 210
939 101
940 117
941 102
942 232
943 118
944 211
945 103
946 233
947 91
948 104
949 212
950 234
951 235
952 213
953 105
954 92
955 93
956 236
957 106
958 119
959 237
960 238
961 214
962 94
963 49
964 215
965 239
966 53
967 240
968 241
969 107
970 242
971 95
972 96
973 147
974 148
975 97
976 120
977 121
978 108
979 109
980 110
981 149
982 243
983 216
984 244
985 150
986 245
987 151
988 217
989 246
990 24
991 247
992 248
993 152
994 218
995 111
996 98
997 249
998 112
999 250
1000 122
