1000 379 375000 75 750 750
1 1
2 1
3 2
4 2
5 3
6 4
7 5
8 3
9 6
10 5
11 7
12 8
13 4
14 6
15 5
16 6
17 9
18 10
19 7
20 8
21 9
22 11
23 10
24 11
25 12
26 13
27 14
28 13
29 14
30 15
31 16
32 17
33 7
34 12
35 18
36 13
37 14
38 19
39 8
40 15
41 9
42 20
43 21
44 21
45 10
46 16
47 17
48 22
49 20
50 18
51 11
52 19
53 20
54 23
55 23
56 24
57 25
58 12
59 13
60 21
61 22
62 26
63 24
64 14
65 23
66 24
67 27
68 15
69 16
70 25
71 26
72 28
73 29
74 26
75 27
76 28
77 30
78 31
79 28
80 27
81 32
82 33
83 29
84 34
85 35
86 17
87 22
88 36
89 18
90 19
91 28
92 37
93 30
94 38
95 29
96 30
97 23
98 24
99 31
100 32
101 33
102 31
103 34
104 39
105 40
106 32
107 33
108 34
109 25
110 41
111 42
112 43
113 20
114 44
115 45
116 21
117 22
118 35
119 23
120 36
121 46
122 24
123 47
124 37
125 38
126 39
127 35
128 48
129 26
130 40
131 41
132 49
133 50
134 42
135 51
136 52
137 25
138 26
139 53
140 43
141 27
142 54
143 55
144 56
145 4
146 28
147 44
148 57
149 29
150 58
151 30
152 59
153 45
154 46
155 60
156 36
157 31
158 47
159 48
160 49
161 50
162 61
163 51
164 52
165 32
166 53
167 62
168 63
169 64
170 65
171 66
172 67
173 37
174 68
175 69
176 54
177 33
178 34
179 55
180 70
181 71
182 35
183 56
184 36
185 37
186 72
187 38
188 39
189 73
190 40
191 74
192 41
193 57
194 75
195 58
196 59
197 42
198 43
199 76
200 44
201 60
202 61
203 77
204 62
205 78
206 79
207 45
208 80
209 81
210 46
211 47
212 82
213 83
214 84
215 63
216 48
217 49
218 85
219 86
220 50
221 51
222 87
223 52
224 88
225 53
226 89
227 64
228 54
229 65
230 66
231 90
232 55
233 91
234 56
235 57
236 67
237 58
238 68
239 92
240 69
241 93
242 94
243 70
244 59
245 95
246 60
247 96
248 61
249 97
250 62
251 71
252 63
253 64
254 65
255 66
256 67
257 98
258 68
259 99
260 100
261 69
262 70
263 101
264 102
265 103
266 71
267 72
268 104
269 73
270 74
271 73
272 75
273 74
274 76
275 77
276 78
277 75
278 105
279 78
280 76
281 79
282 106
283 80
284 77
285 81
286 107
287 78
288 108
289 82
290 109
291 79
292 83
293 110
294 80
295 111
296 84
297 81
298 82
299 85
300 86
301 83
302 87
303 112
304 113
305 114
306 88
307 115
308 116
309 84
310 117
311 89
312 118
313 119
314 120
315 121
316 90
317 122
318 123
319 85
320 86
321 124
322 91
323 92
324 87
325 125
326 93
327 94
328 126
329 127
330 95
331 128
332 129
333 130
334 131
335 132
336 38
337 88
338 95
339 133
340 96
341 134
342 97
343 135
344 98
345 99
346 136
347 100
348 101
349 102
350 137
351 103
352 138
353 104
354 105
355 106
356 107
357 108
358 139
359 140
360 141
361 142
362 143
363 144
364 89
365 109
366 90
367 110
368 111
369 91
370 112
371 113
372 114
373 92
374 145
375 115
376 146
377 112
378 116
379 117
380 147
381 118
382 148
383 86
384 119
385 120
386 149
387 150
388 151
389 121
390 152
391 153
392 93
393 154
394 122
395 94
396 123
397 95
398 113
399 155
400 156
401 96
402 157
403 5
404 87
405 158
406 102
407 159
408 124
409 88
410 160
411 125
412 126
413 97
414 127
415 128
416 98
417 161
418 89
419 99
420 63
421 129
422 130
423 162
424 100
425 163
426 164
427 131
428 90
429 132
430 101
431 102
432 133
433 103
434 165
435 134
436 166
437 104
438 167
439 135
440 136
441 105
442 137
443 168
444 138
445 169
446 170
447 106
448 139
449 171
450 172
451 140
452 173
453 141
454 142
455 174
456 143
457 175
458 176
459 114
460 177
461 178
462 144
463 179
464 145
465 146
466 180
467 107
468 91
469 181
470 182
471 183
472 108
473 184
474 147
475 185
476 148
477 149
478 186
479 115
480 187
481 188
482 109
483 150
484 151
485 189
486 152
487 110
488 153
489 190
490 191
491 92
492 192
493 193
494 6
495 194
496 195
497 154
498 111
499 155
500 156
501 196
502 93
503 197
504 94
505 198
506 112
507 116
508 199
509 200
510 157
511 201
512 113
513 158
514 114
515 202
516 115
517 203
518 204
519 205
520 95
521 206
522 116
523 207
524 96
525 208
526 209
527 210
528 211
529 159
530 117
531 160
532 212
533 161
534 213
535 162
536 214
537 163
538 215
539 216
540 217
541 118
542 97
543 218
544 119
545 219
546 220
547 120
548 98
549 164
550 75
551 165
552 121
553 122
554 166
555 167
556 221
557 168
558 169
559 170
560 171
561 222
562 223
563 224
564 172
565 173
566 123
567 124
568 225
569 226
570 174
571 175
572 176
573 177
574 125
575 178
576 179
577 227
578 228
579 180
580 181
581 182
582 183
583 126
584 229
585 230
586 184
587 231
588 185
589 127
590 186
591 128
592 232
593 233
594 187
595 129
596 188
597 189
598 234
599 235
600 236
601 237
602 130
603 131
604 132
605 238
606 99
607 239
608 190
609 240
610 191
611 192
612 193
613 76
614 241
615 133
616 242
617 134
618 194
619 195
620 196
621 197
622 198
623 243
624 135
625 199
626 200
627 136
628 244
629 201
630 245
631 246
632 247
633 137
634 202
635 203
636 204
637 205
638 206
639 207
640 138
641 208
642 209
643 233
644 210
645 100
646 139
647 211
648 248
649 212
650 249
651 213
652 214
653 250
654 140
655 251
656 252
657 141
658 215
659 216
660 142
661 101
662 217
663 253
664 143
665 218
666 219
667 254
668 255
669 256
670 144
671 257
672 220
673 145
674 146
675 147
676 148
677 258
678 149
679 259
680 221
681 150
682 260
683 151
684 261
685 262
686 263
687 152
688 264
689 153
690 222
691 265
692 266
693 223
694 154
695 267
696 155
697 268
698 269
699 156
700 157
701 270
702 224
703 225
704 226
705 158
706 159
707 227
708 228
709 229
710 271
711 230
712 231
713 232
714 233
715 160
716 234
717 235
718 236
719 272
720 161
721 273
722 237
723 274
724 275
725 238
726 162
727 239
728 240
729 276
730 241
731 242
732 102
733 277
734 243
735 278
736 163
737 244
738 245
739 103
740 246
741 279
742 247
743 280
744 164
745 281
746 248
747 249
748 165
749 282
750 250
751 251
752 166
753 283
754 252
755 284
756 253
757 285
758 167
759 286
760 254
761 255
762 287
763 256
764 168
765 288
766 289
767 290
768 169
769 291
770 292
771 257
772 293
773 294
774 258
775 295
776 296
777 259
778 260
779 261
780 297
781 170
782 298
783 299
784 171
785 262
786 104
787 300
788 263
789 172
790 301
791 264
792 173
793 265
794 266
795 302
796 213
797 174
798 303
799 105
800 39
801 267
802 268
803 304
804 305
805 306
806 269
807 175
808 176
809 270
810 271
811 177
812 307
813 7
814 178
815 308
816 179
817 309
818 272
819 180
820 310
821 273
822 181
823 311
824 274
825 312
826 313
827 314
828 315
829 316
830 275
831 317
832 276
833 106
834 277
835 318
836 182
837 278
838 319
839 320
840 107
841 183
842 321
843 322
844 323
845 279
846 40
847 280
848 281
849 184
850 324
851 282
852 185
853 108
854 186
855 8
856 325
857 326
858 327
859 283
860 328
861 284
862 285
863 188
864 286
865 329
866 330
867 331
868 287
869 187
870 288
871 109
872 332
873 333
874 289
875 334
876 335
877 290
878 336
879 291
880 292
881 293
882 294
883 295
884 337
885 338
886 188
887 339
888 9
889 189
890 296
891 190
892 297
893 298
894 340
895 191
896 110
897 341
898 299
899 300
900 301
901 302
902 342
903 343
904 303
905 344
906 10
907 192
908 193
909 345
910 346
911 304
912 305
913 236
914 306
915 347
916 348
917 349
918 350
919 194
920 195
921 111
922 351
923 352
924 307
925 237
926 308
927 353
928 196
929 197
930 309
931 310
932 198
933 354
934 355
935 356
936 199
937 357
938 311
939 312
940 313
941 358
942 314
943 315
944 359
945 200
946 201
947 202
948 203
949 204
950 360
951 361
952 362
953 316
954 363
955 364
956 317
957 205
958 238
959 318
960 365
961 319
962 320
963 366
964 206
965 321
966 112
967 322
968 323
969 367
970 368
971 369
972 64
973 370
974 239
975 324
976 371
977 325
978 326
979 207
980 372
981 327
982 373
983 374
984 208
985 375
986 376
987 377
988 378
989 328
990 329
991 209
992 210
993 240
994 330
995 331
996 113
997 379
998 332
999 333
1000 334
