1000 308 375000 75 750 750
1 1
2 2
3 3
4 3
5 2
6 4
7 3
8 1
9 4
10 2
11 5
12 6
13 5
14 6
15 7
16 8
17 6
18 8
19 9
20 10
21 11
22 9
23 12
24 10
25 13
26 11
27 14
28 15
29 3
30 4
31 5
32 6
33 12
34 7
35 8
36 16
37 17
38 13
39 9
40 14
41 12
42 10
43 11
44 12
45 13
46 14
47 15
48 16
49 17
50 18
51 15
52 19
53 20
54 21
55 22
56 17
57 19
58 20
59 23
60 24
61 18
62 16
63 17
64 16
65 25
66 19
67 26
68 20
69 27
70 28
71 17
72 29
73 21
74 22
75 18
76 23
77 24
78 30
79 25
80 18
81 19
82 31
83 19
84 26
85 22
86 20
87 27
88 28
89 21
90 29
91 32
92 30
93 20
94 33
95 31
96 21
97 32
98 33
99 34
100 22
101 35
102 36
103 37
104 34
105 38
106 23
107 35
108 22
109 36
110 37
111 39
112 40
113 38
114 39
115 40
116 41
117 42
118 41
119 42
120 42
121 43
122 24
123 44
124 25
125 44
126 45
127 39
128 45
129 43
130 44
131 23
132 46
133 47
134 26
135 47
136 48
137 49
138 46
139 50
140 27
141 51
142 28
143 45
144 46
145 52
146 53
147 29
148 47
149 40
150 24
151 25
152 48
153 26
154 49
155 54
156 50
157 55
158 51
159 50
160 47
161 52
162 30
163 56
164 53
165 57
166 54
167 58
168 55
169 56
170 59
171 60
172 57
173 58
174 27
175 61
176 62
177 59
178 60
179 48
180 28
181 63
182 29
183 31
184 61
185 62
186 63
187 64
188 64
189 65
190 65
191 66
192 67
193 67
194 68
195 66
196 30
197 69
198 49
199 70
200 50
201 69
202 67
203 71
204 31
205 72
206 68
207 70
208 32
209 71
210 73
211 33
212 32
213 51
214 74
215 75
216 33
217 52
218 76
219 77
220 69
221 34
222 53
223 78
224 35
225 79
226 80
227 81
228 34
229 82
230 70
231 54
232 81
233 72
234 55
235 36
236 83
237 56
238 41
239 73
240 37
241 38
242 84
243 71
244 85
245 72
246 73
247 86
248 35
249 87
250 74
251 74
252 39
253 73
254 75
255 42
256 43
257 36
258 88
259 75
260 57
261 74
262 37
263 75
264 58
265 89
266 90
267 76
268 44
269 91
270 92
271 93
272 94
273 77
274 95
275 45
276 76
277 40
278 96
279 72
280 97
281 77
282 41
283 59
284 60
285 46
286 78
287 73
288 61
289 79
290 38
291 98
292 99
293 100
294 39
295 101
296 77
297 78
298 79
299 42
300 40
301 68
302 41
303 62
304 80
305 81
306 47
307 102
308 103
309 82
310 83
311 104
312 105
313 106
314 80
315 107
316 84
317 63
318 85
319 43
320 108
321 109
322 110
323 48
324 86
325 87
326 111
327 88
328 42
329 44
330 45
331 46
332 89
333 47
334 90
335 81
336 112
337 69
338 113
339 91
340 82
341 43
342 48
343 114
344 115
345 92
346 49
347 64
348 116
349 117
350 44
351 50
352 93
353 118
354 94
355 95
356 51
357 74
358 52
359 96
360 119
361 83
362 97
363 75
364 53
365 54
366 84
367 85
368 98
369 99
370 100
371 120
372 86
373 121
374 76
375 101
376 65
377 55
378 56
379 87
380 57
381 102
382 88
383 58
384 103
385 122
386 59
387 45
388 89
389 90
390 104
391 105
392 123
393 124
394 91
395 106
396 107
397 46
398 108
399 125
400 66
401 60
402 67
403 61
404 126
405 68
406 109
407 69
408 47
409 62
410 63
411 110
412 127
413 64
414 128
415 48
416 111
417 112
418 113
419 129
420 114
421 70
422 92
423 130
424 49
425 131
426 71
427 77
428 93
429 65
430 94
431 132
432 50
433 133
434 95
435 66
436 67
437 68
438 134
439 115
440 96
441 135
442 136
443 116
444 69
445 137
446 72
447 117
448 118
449 73
450 138
451 78
452 70
453 119
454 99
455 71
456 97
457 139
458 120
459 72
460 140
461 73
462 141
463 98
464 142
465 121
466 74
467 122
468 51
469 143
470 123
471 79
472 124
473 125
474 75
475 76
476 99
477 144
478 100
479 77
480 145
481 78
482 80
483 126
484 146
485 147
486 148
487 79
488 52
489 127
490 101
491 80
492 81
493 82
494 83
495 149
496 150
497 128
498 84
499 129
500 130
501 53
502 131
503 54
504 85
505 102
506 86
507 151
508 152
509 153
510 154
511 155
512 103
513 132
514 156
515 87
516 88
517 157
518 133
519 134
520 89
521 55
522 158
523 104
524 56
525 90
526 159
527 160
528 135
529 161
530 136
531 57
532 137
533 162
534 91
535 163
536 92
537 105
538 93
539 138
540 94
541 164
542 139
543 165
544 95
545 166
546 167
547 96
548 97
549 98
550 168
551 99
552 169
553 58
554 140
555 59
556 170
557 106
558 60
559 141
560 107
561 108
562 61
563 100
564 62
565 142
566 101
567 143
568 144
569 102
570 171
571 103
572 104
573 145
574 63
575 172
576 146
577 147
578 105
579 173
580 174
581 175
582 176
583 177
584 148
585 178
586 106
587 109
588 179
589 110
590 107
591 108
592 180
593 109
594 111
595 149
596 64
597 150
598 151
599 181
600 152
601 110
602 182
603 153
604 111
605 112
606 113
607 154
608 65
609 114
610 155
611 183
612 115
613 184
614 156
615 116
616 117
617 185
618 118
619 119
620 186
621 120
622 121
623 157
624 187
625 188
626 158
627 189
628 122
629 123
630 190
631 191
632 124
633 192
634 193
635 159
636 194
637 125
638 160
639 161
640 126
641 127
642 195
643 196
644 128
645 162
646 197
647 163
648 129
649 164
650 113
651 198
652 199
653 165
654 66
655 200
656 130
657 131
658 201
659 132
660 67
661 133
662 134
663 68
664 202
665 203
666 135
667 204
668 205
669 166
670 206
671 136
672 137
673 69
674 207
675 167
676 168
677 208
678 70
679 114
680 209
681 169
682 210
683 170
684 71
685 138
686 171
687 211
688 172
689 212
690 173
691 139
692 213
693 140
694 174
695 175
696 141
697 142
698 176
699 177
700 143
701 214
702 215
703 144
704 178
705 216
706 145
707 146
708 179
709 217
710 180
711 181
712 182
713 147
714 148
715 218
716 219
717 115
718 149
719 183
720 220
721 221
722 184
723 116
724 222
725 223
726 150
727 117
728 185
729 72
730 224
731 225
732 151
733 226
734 152
735 186
736 187
737 227
738 153
739 154
740 188
741 189
742 190
743 155
744 191
745 192
746 156
747 157
748 228
749 229
750 193
751 230
752 158
753 118
754 159
755 231
756 232
757 233
758 234
759 160
760 235
761 161
762 162
763 194
764 236
765 163
766 119
767 195
768 164
769 165
770 237
771 166
772 196
773 197
774 238
775 167
776 239
777 73
778 168
779 169
780 240
781 170
782 241
783 171
784 74
785 242
786 198
787 243
788 172
789 199
790 244
791 245
792 200
793 201
794 173
795 246
796 202
797 203
798 247
799 204
800 120
801 248
802 249
803 75
804 76
805 205
806 174
807 250
808 121
809 251
810 252
811 253
812 77
813 175
814 122
815 176
816 254
817 255
818 177
819 178
820 179
821 180
822 256
823 206
824 78
825 257
826 258
827 79
828 259
829 181
830 182
831 260
832 261
833 183
834 262
835 184
836 80
837 185
838 81
839 263
840 264
841 82
842 207
843 186
844 187
845 188
846 265
847 189
848 86
849 190
850 266
851 267
852 208
853 268
854 269
855 209
856 191
857 210
858 192
859 193
860 211
861 212
862 194
863 213
864 195
865 270
866 271
867 196
868 197
869 198
870 199
871 200
872 201
873 272
874 273
875 274
876 214
877 202
878 275
879 276
880 203
881 277
882 278
883 204
884 83
885 205
886 206
887 123
888 84
889 215
890 279
891 280
892 207
893 216
894 208
895 217
896 218
897 209
898 219
899 85
900 210
901 86
902 211
903 212
904 87
905 281
906 213
907 88
908 282
909 283
910 284
911 285
912 220
913 214
914 215
915 124
916 216
917 286
918 89
919 287
920 221
921 217
922 222
923 90
924 91
925 218
926 288
927 289
928 219
929 220
930 290
931 92
932 223
933 224
934 221
935 291
936 292
937 225
938 93
939 293
940 222
941 294
942 295
943 296
944 226
945 94
946 95
947 297
948 223
949 224
950 225
951 227
952 226
953 298
954 228
955 227
956 299
957 125
958 228
959 229
960 230
961 231
962 232
963 229
964 230
965 231
966 233
967 300
968 234
969 232
970 301
971 233
972 235
973 302
974 303
975 236
976 237
977 96
978 304
979 305
980 238
981 239
982 306
983 240
984 241
985 307
986 242
987 243
988 244
989 234
990 235
991 97
992 245
993 246
994 308
995 247
996 248
997 236
998 237
999 249
1000 250
