1000 352 375000 75 750 750
568 1
677 2
131 1
305 3
207 2
336 4
301 3
158 4
483 5
275 6
745 3
767 4
640 7
576 8
258 7
421 9
649 10
480 11
195 8
617 12
276 13
517 14
261 9
248 10
228 11
994 5
974 6
308 15
505 16
313 17
323 18
879 7
528 19
500 20
287 21
693 8
828 9
984 10
52 11
544 22
54 12
204 13
976 14
744 13
825 14
405 23
727 15
637 24
869 16
87 8
554 25
231 15
683 17
743 18
180 16
809 19
358 26
26 20
49 21
949 22
64 17
247 18
563 27
138 19
196 20
832 23
102 9
18 24
163 21
100 10
790 25
380 28
590 29
546 30
284 31
710 26
220 22
749 27
778 28
872 29
772 30
269 23
388 32
706 31
29 32
51 33
17 34
780 35
588 33
171 24
938 36
379 35
595 34
481 35
862 37
44 38
820 39
975 40
178 25
473 36
770 41
69 11
309 37
157 26
137 27
524 38
519 39
826 42
704 43
900 44
585 40
420 41
530 42
543 43
951 45
901 46
424 44
535 45
864 47
773 48
32 49
30 50
502 46
625 47
41 51
952 52
36 53
533 48
351 49
20 54
803 55
552 50
929 56
919 57
711 58
531 51
867 59
479 52
861 60
817 61
47 62
496 53
747 63
619 54
733 64
302 55
120 28
206 29
15 65
734 66
173 30
257 31
115 32
674 11
151 33
755 67
286 56
89 12
338 57
224 34
961 68
404 58
244 35
641 59
93 13
442 60
105 14
98 15
842 69
117 36
282 61
108 37
82 16
94 17
723 70
412 62
4 71
476 63
62 38
329 64
203 39
614 65
251 40
341 66
268 41
433 67
205 42
478 68
799 72
38 73
33 74
37 75
218 43
768 76
429 69
840 77
638 70
43 78
707 79
368 71
239 44
143 45
42 80
592 72
549 73
488 74
597 75
80 18
145 46
389 76
700 81
400 77
376 78
831 82
238 47
741 83
667 12
417 79
510 80
364 81
201 48
122 49
8 84
738 85
443 82
457 83
601 84
593 85
514 86
616 87
776 88
181 50
775 89
647 90
169 51
34 86
187 52
391 88
133 53
197 54
970 87
805 91
194 55
242 56
609 92
455 93
909 88
556 94
498 95
134 57
807 96
452 97
270 58
605 98
339 89
371 90
84 19
918 89
394 91
702 99
958 90
602 100
881 93
506 101
760 102
193 59
957 91
838 94
245 60
655 13
390 92
444 103
438 104
114 61
402 93
995 92
156 62
709 105
557 106
294 94
730 107
119 63
264 64
627 108
486 109
403 95
632 110
466 111
267 65
307 96
249 66
953 93
615 112
81 20
230 67
291 97
888 95
703 113
125 68
198 69
428 98
555 114
209 70
460 115
527 116
691 117
959 94
566 118
988 95
714 119
272 71
262 72
298 99
425 100
384 101
579 120
472 121
136 73
878 96
6 97
848 98
587 122
722 123
504 124
818 104
855 99
752 125
562 126
190 74
450 127
475 128
547 129
675 14
495 130
694 131
423 102
673 15
337 103
212 75
312 104
626 132
409 105
875 100
436 133
377 106
793 134
75 21
971 101
993 102
279 107
139 76
233 77
983 103
757 135
499 136
663 16
781 137
461 138
629 139
123 78
10 104
806 140
118 79
434 141
882 105
493 142
996 106
166 80
907 107
492 143
349 108
121 81
392 109
523 144
21 110
1 109
692 145
427 110
252 82
344 111
383 112
567 146
12 110
280 113
987 111
541 147
721 148
23 114
728 149
690 150
13 112
671 17
310 115
725 151
561 152
960 108
964 109
763 153
783 154
731 155
411 114
381 116
687 156
910 110
57 117
172 83
111 84
754 157
369 118
859 111
40 119
947 112
968 113
281 120
395 121
319 122
19 121
992 114
824 115
168 85
936 116
48 123
866 117
877 118
642 158
246 86
202 87
104 22
471 159
865 119
539 160
109 88
129 89
698 161
217 90
55 124
259 91
241 92
926 120
934 121
465 162
127 93
955 122
887 123
892 124
945 125
359 125
449 163
823 126
283 126
503 164
814 127
61 94
977 128
46 129
214 95
453 165
170 96
192 97
532 166
441 167
764 168
467 169
915 130
165 98
802 170
630 171
16 131
459 172
150 99
572 173
997 132
569 174
969 133
213 100
370 127
789 175
346 128
833 134
210 101
487 176
353 129
110 102
328 130
621 177
67 103
534 178
894 135
589 179
164 104
873 136
92 23
897 137
591 180
785 181
468 182
791 183
902 138
397 131
705 184
426 115
761 185
437 186
148 105
7 139
332 132
366 133
644 187
415 116
596 188
285 134
250 106
31 140
490 189
1000 141
393 135
254 107
24 142
736 190
342 136
53 143
912 144
22 145
571 191
177 108
645 192
152 109
822 146
753 193
720 194
560 195
14 147
729 196
99 24
558 197
578 198
348 137
28 148
161 110
925 149
801 199
399 117
331 138
835 150
890 151
79 25
221 111
445 200
906 152
553 201
352 139
175 112
600 202
497 203
382 140
884 153
574 204
946 154
660 18
256 113
788 205
874 155
66 114
335 141
311 142
179 115
631 206
59 116
296 143
234 117
401 118
821 156
990 157
804 207
932 158
188 119
928 159
83 26
732 208
347 144
277 145
183 120
794 209
851 160
853 161
229 121
678 19
759 210
850 162
321 146
963 163
293 147
610 211
604 212
315 148
260 122
839 164
933 165
343 149
419 123
594 213
536 214
643 215
927 166
699 216
357 150
398 151
278 152
378 153
880 167
570 217
796 218
860 168
815 169
236 124
545 219
273 125
240 126
435 220
718 221
979 170
440 222
652 20
829 171
216 127
439 223
942 172
672 21
695 224
811 173
385 154
288 155
843 174
751 225
937 175
920 176
63 128
659 22
86 27
215 129
322 156
668 23
719 226
255 130
126 131
863 177
564 227
141 132
856 178
101 28
71 29
538 228
140 133
779 229
518 230
345 157
810 179
317 158
289 159
413 134
184 135
314 160
451 231
634 232
844 180
225 136
586 233
665 24
577 234
664 25
91 30
868 181
85 31
606 235
227 137
65 138
3 182
74 32
548 236
113 139
914 183
334 161
300 162
798 237
9 184
516 238
146 140
679 239
834 185
454 240
446 241
422 141
573 242
746 243
903 186
386 163
363 164
769 244
889 187
854 188
106 33
737 245
448 246
916 189
715 247
463 248
155 142
324 165
208 143
748 249
222 144
373 166
512 250
78 34
777 251
149 145
639 252
816 190
508 253
762 254
948 191
697 255
684 256
819 192
189 146
681 257
325 167
998 193
935 194
685 258
494 259
701 260
525 261
387 168
361 169
893 195
39 196
186 147
565 262
515 263
526 264
375 170
583 265
598 266
680 267
654 26
356 171
830 197
582 268
522 269
35 198
147 148
355 172
724 270
153 149
199 150
182 151
174 152
886 199
521 271
501 272
297 173
750 273
160 153
956 200
88 35
622 274
808 275
913 201
56 202
354 174
623 276
708 277
651 27
648 278
827 203
520 279
431 154
90 36
962 204
318 175
688 280
103 37
857 205
237 155
316 176
458 281
876 206
200 156
836 207
340 177
950 208
430 157
485 282
774 283
740 284
542 285
611 286
782 287
25 209
954 210
350 178
96 38
491 288
931 211
735 289
726 290
911 212
372 179
921 213
966 214
650 291
226 158
982 215
60 159
97 39
507 292
211 160
243 161
636 293
551 294
447 295
410 162
756 296
176 163
841 216
712 297
758 298
5 217
786 299
2 218
304 180
464 300
991 219
581 301
849 220
661 28
676 29
107 40
837 221
696 302
908 222
253 164
219 165
717 303
292 181
191 166
986 223
73 41
923 224
608 304
295 182
232 167
537 305
11 225
603 306
989 226
669 30
406 168
116 169
858 227
365 183
813 228
689 307
327 184
930 229
142 170
45 230
77 42
891 231
469 308
599 309
628 310
482 311
360 185
905 232
374 186
50 233
303 187
940 234
899 235
787 312
922 236
895 237
266 171
965 238
792 313
686 314
58 239
529 315
943 240
144 172
716 316
765 317
658 31
333 188
635 318
76 43
299 189
124 173
713 319
656 32
784 320
70 44
653 33
620 321
657 34
980 241
112 174
130 175
418 176
941 242
489 322
646 323
972 243
132 177
999 244
306 190
917 245
135 178
470 324
223 179
973 246
618 325
511 326
128 180
985 247
624 327
95 45
584 328
800 329
432 275
271 181
167 182
797 330
477 331
898 248
274 191
607 332
924 249
320 192
559 333
978 250
513 334
766 335
633 336
456 337
883 251
904 252
580 338
742 339
408 183
396 193
362 194
263 184
462 340
416 185
613 341
939 253
540 342
367 195
509 343
771 344
72 46
662 35
870 254
185 186
967 255
474 345
414 187
682 346
871 256
235 188
162 189
896 257
885 258
981 259
330 196
326 197
550 347
265 190
159 191
739 348
290 198
846 260
812 261
944 262
154 192
612 349
407 193
68 194
845 263
847 264
484 350
852 265
670 36
575 351
666 37
795 352
27 266
