1000 194 250000 50 500 500
1 1
2 1
3 2
4 3
5 2
6 3
7 4
8 1
9 2
10 3
11 4
12 4
13 5
14 4
15 5
16 6
17 5
18 7
19 6
20 8
21 6
22 7
23 9
24 8
25 7
26 10
27 8
28 9
29 9
30 10
31 11
32 11
33 12
34 10
35 11
36 12
37 13
38 12
39 14
40 13
41 13
42 14
43 11
44 15
45 15
46 14
47 7
48 15
49 16
50 17
51 17
52 16
53 17
54 18
55 19
56 9
57 20
58 18
59 17
60 21
61 12
62 10
63 19
64 22
65 19
66 20
67 21
68 18
69 11
70 20
71 23
72 8
73 24
74 21
75 22
76 25
77 19
78 20
79 26
80 21
81 23
82 22
83 27
84 19
85 28
86 22
87 16
88 23
89 23
90 20
91 24
92 24
93 17
94 25
95 3
96 24
97 9
98 25
99 26
100 27
101 28
102 29
103 29
104 12
105 30
106 30
107 31
108 32
109 4
110 32
111 13
112 33
113 34
114 5
115 26
116 18
117 35
118 36
119 19
120 37
121 38
122 27
123 39
124 20
125 21
126 25
127 34
128 31
129 32
130 40
131 26
132 41
133 28
134 33
135 29
136 22
137 26
138 34
139 23
140 24
141 35
142 25
143 42
144 36
145 38
146 43
147 39
148 27
149 37
150 44
151 45
152 46
153 27
154 30
155 35
156 36
157 45
158 31
159 38
160 26
161 47
162 13
163 14
164 48
165 32
166 33
167 37
168 34
169 15
170 28
171 35
172 16
173 38
174 39
175 6
176 49
177 29
178 27
179 40
180 14
181 30
182 39
183 28
184 36
185 50
186 51
187 29
188 52
189 7
190 17
191 37
192 53
193 41
194 30
195 46
196 31
197 38
198 32
199 33
200 54
201 39
202 40
203 42
204 23
205 18
206 55
207 40
208 28
209 43
210 41
211 56
212 41
213 34
214 35
215 57
216 15
217 44
218 42
219 16
220 42
221 45
222 19
223 58
224 17
225 47
226 48
227 59
228 49
229 29
230 36
231 37
232 60
233 50
234 38
235 20
236 46
237 43
238 39
239 44
240 47
241 45
242 48
243 40
244 61
245 62
246 51
247 43
248 18
249 63
250 8
251 64
252 19
253 20
254 49
255 50
256 41
257 9
258 42
259 65
260 21
261 52
262 43
263 51
264 30
265 66
266 44
267 52
268 67
269 44
270 45
271 24
272 46
273 53
274 47
275 68
276 53
277 69
278 54
279 46
280 48
281 55
282 49
283 10
284 50
285 54
286 70
287 51
288 71
289 72
290 22
291 56
292 57
293 58
294 45
295 73
296 55
297 23
298 24
299 11
300 59
301 74
302 52
303 53
304 60
305 47
306 46
307 61
308 54
309 55
310 48
311 56
312 12
313 13
314 56
315 47
316 57
317 25
318 14
319 75
320 76
321 77
322 62
323 15
324 58
325 49
326 78
327 63
328 59
329 64
330 60
331 65
332 61
333 66
334 54
335 31
336 79
337 62
338 80
339 57
340 63
341 55
342 64
343 56
344 21
345 67
346 68
347 22
348 48
349 58
350 50
351 81
352 82
353 65
354 51
355 83
356 66
357 59
358 57
359 16
360 25
361 32
362 84
363 52
364 17
365 67
366 69
367 49
368 68
369 69
370 70
371 71
372 72
373 85
374 73
375 10
376 74
377 86
378 87
379 50
380 88
381 18
382 53
383 75
384 58
385 89
386 76
387 54
388 26
389 27
390 23
391 60
392 77
393 61
394 28
395 62
396 19
397 78
398 79
399 80
400 90
401 59
402 91
403 60
404 81
405 92
406 61
407 82
408 63
409 70
410 11
411 20
412 64
413 79
414 29
415 33
416 93
417 30
418 31
419 94
420 65
421 95
422 96
423 97
424 83
425 84
426 21
427 85
428 51
429 80
430 66
431 86
432 24
433 52
434 55
435 87
436 67
437 12
438 71
439 98
440 53
441 88
442 81
443 72
444 82
445 32
446 89
447 99
448 100
449 90
450 83
451 68
452 54
453 33
454 101
455 102
456 56
457 34
458 103
459 104
460 91
461 69
462 92
463 35
464 93
465 55
466 105
467 57
468 94
469 58
470 56
471 95
472 96
473 73
474 36
475 70
476 22
477 57
478 14
479 97
480 98
481 99
482 106
483 64
484 34
485 25
486 71
487 37
488 59
489 100
490 101
491 84
492 60
493 72
494 102
495 74
496 73
497 26
498 58
499 103
500 74
501 38
502 27
503 23
504 75
505 76
506 104
507 61
508 39
509 28
510 105
511 106
512 107
513 62
514 108
515 77
516 109
517 63
518 64
519 59
520 110
521 40
522 107
523 29
524 75
525 65
526 107
527 24
528 62
529 111
530 112
531 76
532 25
533 66
534 77
535 113
536 35
537 67
538 114
539 108
540 78
541 30
542 68
543 41
544 60
545 69
546 109
547 115
548 110
549 70
550 111
551 78
552 116
553 112
554 85
555 71
556 42
557 79
558 117
559 86
560 113
561 118
562 15
563 92
564 36
565 80
566 61
567 72
568 37
569 114
570 119
571 120
572 43
573 115
574 121
575 26
576 62
577 87
578 116
579 73
580 63
581 117
582 118
583 79
584 122
585 31
586 119
587 120
588 81
589 32
590 27
591 80
592 44
593 121
594 74
595 45
596 28
597 82
598 29
599 123
600 83
601 30
602 84
603 122
604 124
605 31
606 123
607 32
608 81
609 33
610 75
611 34
612 125
613 126
614 16
615 33
616 64
617 35
618 76
619 124
620 127
621 128
622 88
623 46
624 77
625 85
626 34
627 65
628 129
629 47
630 48
631 13
632 36
633 78
634 125
635 130
636 79
637 89
638 131
639 126
640 49
641 63
642 82
643 127
644 38
645 66
646 50
647 132
648 86
649 67
650 80
651 133
652 134
653 135
654 90
655 128
656 129
657 130
658 83
659 91
660 81
661 131
662 92
663 93
664 136
665 68
666 94
667 137
668 34
669 138
670 35
671 139
672 87
673 64
674 88
675 95
676 14
677 84
678 140
679 51
680 82
681 69
682 132
683 133
684 83
685 134
686 65
687 141
688 66
689 89
690 36
691 135
692 136
693 85
694 37
695 84
696 90
697 52
698 142
699 137
700 85
701 39
702 138
703 143
704 139
705 140
706 70
707 37
708 141
709 86
710 144
711 86
712 27
713 87
714 145
715 146
716 91
717 88
718 147
719 87
720 142
721 40
722 71
723 72
724 88
725 89
726 96
727 143
728 148
729 73
730 74
731 149
732 38
733 67
734 92
735 144
736 145
737 146
738 39
739 75
740 76
741 40
742 77
743 147
744 148
745 149
746 93
747 150
748 150
749 94
750 151
751 53
752 152
753 95
754 41
755 97
756 54
757 151
758 98
759 89
760 99
761 90
762 38
763 90
764 96
765 78
766 79
767 153
768 80
769 39
770 42
771 81
772 55
773 154
774 152
775 43
776 40
777 153
778 155
779 100
780 154
781 93
782 82
783 156
784 157
785 83
786 158
787 44
788 45
789 56
790 97
791 84
792 46
793 159
794 160
795 91
796 161
797 41
798 162
799 42
800 15
801 92
802 91
803 98
804 43
805 68
806 163
807 101
808 93
809 44
810 94
811 155
812 95
813 138
814 85
815 99
816 102
817 156
818 164
819 47
820 45
821 157
822 57
823 16
824 86
825 100
826 165
827 158
828 87
829 96
830 48
831 159
832 160
833 166
834 101
835 69
836 167
837 161
838 88
839 162
840 168
841 102
842 169
843 49
844 163
845 17
846 89
847 170
848 97
849 90
850 92
851 98
852 93
853 171
854 103
855 164
856 70
857 165
858 58
859 94
860 166
861 46
862 95
863 96
864 59
865 47
866 167
867 48
868 99
869 50
870 100
871 60
872 168
873 172
874 169
875 49
876 91
877 97
878 51
879 103
880 104
881 105
882 104
883 170
884 173
885 61
886 62
887 106
888 171
889 18
890 52
891 63
892 53
893 107
894 98
895 172
896 173
897 101
898 102
899 174
900 64
901 108
902 103
903 35
904 175
905 109
906 50
907 104
908 176
909 105
910 92
911 106
912 93
913 174
914 51
915 94
916 175
917 176
918 107
919 108
920 65
921 95
922 109
923 66
924 177
925 71
926 177
927 178
928 110
929 111
930 179
931 180
932 54
933 52
934 110
935 112
936 181
937 111
938 182
939 113
940 183
941 99
942 114
943 184
944 185
945 55
946 115
947 178
948 53
949 186
950 116
951 187
952 96
953 117
954 179
955 180
956 112
957 97
958 181
959 182
960 100
961 98
962 188
963 113
964 189
965 183
966 118
967 99
968 114
969 184
970 115
971 119
972 100
973 185
974 190
975 120
976 121
977 54
978 55
979 191
980 122
981 72
982 56
983 123
984 28
985 192
986 116
987 193
988 101
989 101
990 124
991 102
992 67
993 125
994 68
995 126
996 186
997 117
998 19
999 194
1000 57
