1000 245 250000 50 500 500
74 1
86 2
323 3
160 4
322 5
17 3
493 1
230 6
413 2
228 7
728 2
773 1
827 3
792 2
251 8
409 3
842 4
758 3
510 4
297 9
10 5
328 5
766 4
127 10
567 6
828 6
1000 7
497 7
885 8
882 9
585 5
341 8
109 11
25 10
535 9
913 11
83 12
479 10
95 13
683 6
946 14
767 7
532 11
821 8
387 12
687 9
240 14
470 13
995 15
46 16
339 14
702 10
509 15
186 17
457 16
198 18
388 17
674 11
554 18
602 12
768 13
430 19
99 19
752 14
187 20
364 21
34 21
373 22
16 22
298 18
437 23
721 15
15 23
489 20
353 24
848 17
299 19
608 16
271 20
415 25
738 17
4 24
55 25
89 26
67 27
731 18
570 21
282 21
563 22
12 28
347 26
774 19
985 29
255 15
784 20
440 23
41 30
125 31
968 32
131 33
675 21
149 34
877 22
259 22
662 23
214 35
96 36
812 24
556 24
871 25
181 37
332 27
922 23
1 38
43 39
711 26
225 32
624 22
280 23
26 40
755 27
839 28
528 25
462 26
754 29
726 30
326 28
371 29
194 41
786 31
481 27
52 42
231 33
379 30
312 31
429 32
403 33
288 24
236 34
499 28
719 32
360 35
454 29
23 43
645 34
81 44
908 33
389 36
891 34
519 30
878 35
275 25
357 37
486 31
622 23
143 45
286 26
935 21
505 32
85 46
582 24
617 25
145 47
874 36
909 37
632 37
9 48
819 38
475 33
49 49
736 39
836 40
997 50
919 24
638 41
704 42
333 38
19 51
732 43
152 52
424 39
508 34
835 44
769 45
404 40
734 46
188 53
368 41
232 42
916 25
635 47
647 48
79 54
391 43
626 26
834 49
159 55
657 35
753 50
794 51
524 36
64 56
682 52
667 53
35 57
578 37
452 38
449 39
100 58
967 59
604 27
219 44
193 60
895 41
689 54
471 40
824 55
654 41
135 61
423 45
378 46
948 42
195 62
196 63
165 64
390 47
831 56
93 65
892 43
278 27
215 66
709 57
958 44
568 42
894 45
359 48
119 67
668 58
618 28
80 68
729 59
543 43
318 49
813 60
927 22
820 61
576 44
191 69
765 62
798 63
722 64
172 70
202 71
955 46
949 47
209 72
992 73
38 74
156 75
803 65
263 28
659 66
555 45
54 76
628 67
747 68
583 29
402 50
910 48
933 23
106 77
468 46
956 49
634 69
472 47
770 70
743 71
962 50
343 51
735 72
295 29
545 48
320 52
566 49
829 73
314 53
534 50
699 74
664 75
461 51
590 30
751 76
206 78
62 79
696 77
501 52
693 78
365 54
553 53
65 80
780 79
441 54
737 80
520 55
218 59
478 56
703 81
972 81
640 82
931 24
890 51
815 83
342 57
880 67
58 82
596 31
170 83
349 58
32 84
918 26
926 25
750 84
802 85
148 85
123 86
605 32
134 87
557 59
529 60
120 88
625 33
147 89
947 26
480 61
900 52
903 53
542 62
498 63
970 90
601 34
837 86
140 91
336 64
710 87
966 92
875 88
825 89
672 90
362 65
233 55
893 54
700 91
345 66
428 67
855 92
291 30
746 93
208 93
708 94
945 27
279 31
124 94
621 35
899 55
133 95
991 96
791 95
658 96
324 68
11 97
807 98
210 98
416 69
303 32
641 97
464 70
536 71
168 99
377 72
697 98
363 73
756 99
374 74
82 100
607 36
698 100
592 37
857 101
146 101
565 75
484 76
902 56
593 38
302 33
587 39
382 77
883 68
458 78
759 102
575 68
898 57
503 79
192 102
533 80
393 81
808 103
990 104
75 103
550 82
560 83
335 84
656 58
799 105
980 106
22 107
606 40
3 108
686 104
789 109
572 85
29 110
182 104
311 75
179 105
762 107
637 105
960 58
431 86
670 106
48 109
764 108
262 34
740 109
40 110
115 106
867 111
229 56
247 16
816 112
104 107
691 107
778 110
107 108
418 87
887 59
2 113
426 88
599 41
932 28
688 108
351 89
853 114
636 109
518 90
385 91
500 92
549 93
354 94
661 110
197 109
248 17
399 95
173 110
66 111
889 60
620 42
237 57
939 29
340 96
436 97
57 112
979 115
725 111
854 116
161 113
397 98
352 99
400 100
292 35
153 114
50 115
655 61
308 76
213 116
684 112
511 101
420 102
142 117
122 118
114 119
199 120
249 18
277 36
287 37
446 103
630 113
384 104
456 105
790 117
141 121
681 114
539 106
679 115
973 122
222 58
411 107
408 108
944 30
530 109
358 110
950 61
631 116
490 111
477 112
525 113
544 114
442 115
982 123
934 31
494 116
417 117
940 32
176 124
619 43
476 118
917 33
396 119
886 62
97 125
201 126
559 120
492 121
164 127
184 128
589 44
571 122
795 118
705 117
612 45
730 118
830 119
33 129
796 120
971 130
178 131
814 121
788 122
936 34
63 132
330 123
642 123
108 133
884 69
896 63
459 124
139 134
375 125
951 64
407 126
243 59
56 135
581 46
427 127
273 38
244 60
597 47
546 128
175 136
348 129
989 137
285 39
444 130
869 124
852 125
217 92
713 126
31 138
915 35
138 139
552 131
309 77
13 140
993 141
580 48
787 127
785 128
514 132
370 133
817 129
651 130
665 131
911 65
724 132
467 134
623 49
757 133
128 142
319 85
414 135
969 143
845 134
577 69
177 144
850 135
216 145
69 146
515 136
274 40
744 137
977 147
851 136
241 61
325 137
771 137
158 148
70 149
317 86
826 138
506 138
840 139
904 66
227 62
925 36
706 140
422 139
366 140
338 141
113 150
293 41
136 151
44 152
847 141
562 142
810 143
727 144
394 143
862 142
8 153
167 154
676 145
200 155
443 144
221 63
166 156
398 145
180 157
24 158
410 146
865 143
211 159
745 146
717 147
290 42
588 50
105 160
7 161
984 162
591 51
610 52
224 64
77 163
485 148
772 148
961 67
495 149
804 149
964 68
760 150
761 151
897 69
849 144
87 164
270 43
793 152
881 70
329 147
716 153
561 154
838 145
714 155
941 37
776 156
110 165
453 148
269 44
118 166
779 157
261 45
858 146
613 53
983 167
491 150
906 71
361 149
942 38
256 19
876 147
5 168
392 150
130 169
718 158
300 46
811 159
207 170
337 151
212 171
483 152
448 153
369 154
190 172
68 173
203 174
822 148
112 175
646 160
639 161
953 72
781 162
246 20
502 155
265 47
91 176
301 48
439 156
307 78
627 57
60 177
245 65
859 149
51 178
584 54
463 157
846 150
833 151
633 163
88 179
14 180
405 158
652 164
20 181
978 182
912 73
527 159
594 55
465 160
517 161
90 183
512 162
310 79
59 184
401 163
805 165
331 164
603 56
974 185
137 186
488 165
121 187
289 49
701 166
253 21
694 167
321 87
797 168
872 152
473 168
239 66
685 169
53 188
150 189
531 170
663 171
905 74
126 190
649 172
598 57
975 191
94 192
653 173
644 174
334 166
496 175
692 176
673 177
103 193
526 178
412 167
616 58
163 194
928 39
276 50
930 40
157 195
574 179
586 59
998 196
283 51
98 197
976 198
406 168
863 153
669 180
47 199
419 169
304 67
268 52
234 68
775 175
938 41
185 200
350 170
712 181
266 53
720 182
435 171
614 60
6 201
809 170
260 54
783 171
523 183
680 184
445 172
242 69
306 70
959 75
782 172
205 202
864 154
451 181
914 42
254 22
715 185
267 55
117 203
395 173
615 61
963 76
748 176
868 155
569 186
372 174
513 187
171 204
879 77
600 62
841 156
433 175
832 157
111 205
844 158
823 159
548 188
482 189
806 173
376 176
521 190
611 63
818 160
92 206
76 207
866 161
162 208
843 162
943 43
733 189
677 191
739 190
643 192
996 209
924 44
447 177
71 210
994 211
541 193
252 23
999 212
73 213
346 178
151 214
763 177
741 191
226 71
707 194
466 182
678 195
238 72
250 24
650 196
861 163
538 197
648 198
78 215
189 216
558 199
988 217
507 200
660 201
313 80
169 218
516 202
425 179
469 183
438 180
901 78
344 181
116 219
920 45
742 192
937 46
316 88
537 203
284 56
888 79
450 182
870 164
129 220
154 221
800 174
801 175
27 222
36 223
921 47
264 57
386 183
30 224
421 184
72 225
223 73
504 204
356 185
474 205
258 25
547 206
487 207
28 226
42 227
84 228
380 186
873 165
327 187
294 58
522 208
981 229
777 178
929 48
965 166
355 188
102 230
609 64
296 59
61 231
923 49
21 232
540 209
666 210
671 211
132 233
907 80
381 189
39 234
305 74
986 235
281 60
690 212
367 190
235 75
272 61
174 236
460 191
629 213
183 237
954 81
856 167
579 65
315 89
551 214
573 215
987 238
860 168
45 239
257 26
455 192
957 82
155 240
432 193
204 241
101 242
723 216
595 66
434 194
18 243
383 195
220 76
144 244
749 179
37 245
952 83
695 217
564 218
